nohup: 忽略输入
/usr/local/home/yyq/bo/lhs_bo
=============== start wordcount-100G ===============
2022年 01月 28日 星期五 17:02:49 CST
=============== start wordcount-100G ===============
mv: 无法获取"/usr/local/home/yyq/bo/lhs_bo/generationConf.csv" 的文件状态(stat): 没有那个文件或目录
mv: 无法获取"/usr/local/home/yyq/bo/lhs_bo/target.png" 的文件状态(stat): 没有那个文件或目录
================= config1 =================
2022年 01月 28日 星期五 17:02:50 CST
/usr/local/home/python3/python3/lib/python3.8/subprocess.py:848: RuntimeWarning: line buffering (buffering=1) isn't supported in binary mode, the default buffer size will be used
  self.stdout = io.open(c2pread, 'rb', bufsize)
/usr/local/home/python3/python3/lib/python3.8/subprocess.py:853: RuntimeWarning: line buffering (buffering=1) isn't supported in binary mode, the default buffer size will be used
  self.stderr = io.open(errread, 'rb', bufsize)
cmd

end before line
finish
-------------------stop k8s-node02 --------------
kill: 用法:kill [-s 信号声明 | -n 信号编号 | -信号声明] 进程号 | 任务声明 ... 或 kill -l [信号声明]
/usr/local/home/zwr/stop.sh: 第 3 行:kill: (20287) - 没有那个进程
-------------------stop k8s-node03 --------------
kill: 用法:kill [-s 信号声明 | -n 信号编号 | -信号声明] 进程号 | 任务声明 ... 或 kill -l [信号声明]
/usr/local/home/zwr/stop.sh: 第 3 行:kill: (290544) - 没有那个进程
================= config2 =================
2022年 01月 28日 星期五 17:06:49 CST
/usr/local/home/python3/python3/lib/python3.8/subprocess.py:848: RuntimeWarning: line buffering (buffering=1) isn't supported in binary mode, the default buffer size will be used
  self.stdout = io.open(c2pread, 'rb', bufsize)
/usr/local/home/python3/python3/lib/python3.8/subprocess.py:853: RuntimeWarning: line buffering (buffering=1) isn't supported in binary mode, the default buffer size will be used
  self.stderr = io.open(errread, 'rb', bufsize)
cmd

end before line
finish
-------------------stop k8s-node02 --------------
kill: 用法:kill [-s 信号声明 | -n 信号编号 | -信号声明] 进程号 | 任务声明 ... 或 kill -l [信号声明]
/usr/local/home/zwr/stop.sh: 第 3 行:kill: (23241) - 没有那个进程
-------------------stop k8s-node03 --------------
kill: 用法:kill [-s 信号声明 | -n 信号编号 | -信号声明] 进程号 | 任务声明 ... 或 kill -l [信号声明]
/usr/local/home/zwr/stop.sh: 第 3 行:kill: (293633) - 没有那个进程
================= config3 =================
2022年 01月 28日 星期五 17:12:36 CST
/usr/local/home/python3/python3/lib/python3.8/subprocess.py:848: RuntimeWarning: line buffering (buffering=1) isn't supported in binary mode, the default buffer size will be used
  self.stdout = io.open(c2pread, 'rb', bufsize)
/usr/local/home/python3/python3/lib/python3.8/subprocess.py:853: RuntimeWarning: line buffering (buffering=1) isn't supported in binary mode, the default buffer size will be used
  self.stderr = io.open(errread, 'rb', bufsize)
cmd

end before line
finish
-------------------stop k8s-node02 --------------
kill: 用法:kill [-s 信号声明 | -n 信号编号 | -信号声明] 进程号 | 任务声明 ... 或 kill -l [信号声明]
/usr/local/home/zwr/stop.sh: 第 3 行:kill: (25541) - 没有那个进程
-------------------stop k8s-node03 --------------
kill: 用法:kill [-s 信号声明 | -n 信号编号 | -信号声明] 进程号 | 任务声明 ... 或 kill -l [信号声明]
/usr/local/home/zwr/stop.sh: 第 3 行:kill: (295995) - 没有那个进程
================= config4 =================
2022年 01月 28日 星期五 17:17:01 CST
/usr/local/home/python3/python3/lib/python3.8/subprocess.py:848: RuntimeWarning: line buffering (buffering=1) isn't supported in binary mode, the default buffer size will be used
  self.stdout = io.open(c2pread, 'rb', bufsize)
/usr/local/home/python3/python3/lib/python3.8/subprocess.py:853: RuntimeWarning: line buffering (buffering=1) isn't supported in binary mode, the default buffer size will be used
  self.stderr = io.open(errread, 'rb', bufsize)
cmd

end before line
finish
-------------------stop k8s-node02 --------------
kill: 用法:kill [-s 信号声明 | -n 信号编号 | -信号声明] 进程号 | 任务声明 ... 或 kill -l [信号声明]
/usr/local/home/zwr/stop.sh: 第 3 行:kill: (27350) - 没有那个进程
-------------------stop k8s-node03 --------------
kill: 用法:kill [-s 信号声明 | -n 信号编号 | -信号声明] 进程号 | 任务声明 ... 或 kill -l [信号声明]
/usr/local/home/zwr/stop.sh: 第 3 行:kill: (297880) - 没有那个进程
================= config5 =================
2022年 01月 28日 星期五 17:20:29 CST
/usr/local/home/python3/python3/lib/python3.8/subprocess.py:848: RuntimeWarning: line buffering (buffering=1) isn't supported in binary mode, the default buffer size will be used
  self.stdout = io.open(c2pread, 'rb', bufsize)
/usr/local/home/python3/python3/lib/python3.8/subprocess.py:853: RuntimeWarning: line buffering (buffering=1) isn't supported in binary mode, the default buffer size will be used
  self.stderr = io.open(errread, 'rb', bufsize)
cmd

end before line
finish
-------------------stop k8s-node02 --------------
kill: 用法:kill [-s 信号声明 | -n 信号编号 | -信号声明] 进程号 | 任务声明 ... 或 kill -l [信号声明]
/usr/local/home/zwr/stop.sh: 第 3 行:kill: (28994) - 没有那个进程
-------------------stop k8s-node03 --------------
kill: 用法:kill [-s 信号声明 | -n 信号编号 | -信号声明] 进程号 | 任务声明 ... 或 kill -l [信号声明]
/usr/local/home/zwr/stop.sh: 第 3 行:kill: (299595) - 没有那个进程
benchmark=wordcount-100G, niters = 44, ninit = 6
------------使用lhs生成初始样本点------------
迭代结束条件，当执行时间低于Tmax时，停止搜索，此时对应优化倍数为7倍。Tmax = 157.14285714285714
bounds = 
[[3.20000000e+01 6.40000000e+01]
 [0.00000000e+00 1.00000000e+00]
 [0.00000000e+00 1.00000000e+00]
 [2.00000000e+02 5.00000000e+02]
 [1.00000000e+00 4.00000000e+00]
 [4.00000000e+00 8.00000000e+00]
 [3.00000000e+00 7.00000000e+00]
 [3.84000000e+02 8.77000000e+02]
 [3.20000000e+01 1.28000000e+02]
 [3.20000000e+01 1.28000000e+02]
 [4.00000000e+00 1.00000000e+01]
 [1.07374157e+09 2.14748314e+09]
 [5.00000000e-01 9.00000000e-01]
 [0.00000000e+00 1.00000000e+00]
 [5.12000000e+02 1.02400000e+03]
 [5.00000000e-01 9.00000000e-01]
 [0.00000000e+00 1.00000000e+00]
 [1.07374182e+09 2.14748365e+09]
 [1.07374182e+09 2.14748365e+09]
 [2.40000000e+01 7.20000000e+01]
 [0.00000000e+00 1.00000000e+00]
 [5.00000000e+02 1.00000000e+03]
 [0.00000000e+00 1.00000000e+00]
 [1.60000000e+01 4.80000000e+01]
 [1.00000000e+00 5.00000000e+00]
 [1.50000000e+02 3.50000000e+02]
 [5.00000000e-01 9.00000000e-01]
 [1.00000000e+00 4.00000000e+00]]
x = [4.96775632e+01 8.17340757e-01 6.80317648e-01 4.26754555e+02
 1.61616672e+00 7.97058631e+00 5.08270458e+00 4.62819543e+02
 8.48030754e+01 1.20069316e+02 7.67828257e+00 1.55358012e+09
 5.52523635e-01 4.82204568e-01 9.51778368e+02 8.80849529e-01
 5.45379490e-01 2.00361829e+09 1.66997628e+09 4.77897771e+01
 5.88655065e-01 6.61455166e+02 6.64397766e-01 3.96050413e+01
 1.58734942e+00 1.59396895e+02 5.27508587e-01 3.08990513e+00]
predict_target = [0.]
target = -230.408
bounds = 
[[3.68014414e+01 6.25536851e+01]
 [4.28207794e-01 1.00000000e+00]
 [2.84333530e-01 1.00000000e+00]
 [3.09092283e+02 5.00000000e+02]
 [1.00000000e+00 2.78697506e+00]
 [6.44911563e+00 8.00000000e+00]
 [3.46683981e+00 6.69856935e+00]
 [3.84000000e+02 6.54100520e+02]
 [4.61632292e+01 1.23442922e+02]
 [8.31927815e+01 1.28000000e+02]
 [5.28219670e+00 1.00000000e+01]
 [1.12156639e+09 1.98559384e+09]
 [5.00000000e-01 7.07149817e-01]
 [7.80943398e-02 8.86314797e-01]
 [7.53607286e+02 1.02400000e+03]
 [7.27892006e-01 9.00000000e-01]
 [1.42648464e-01 9.48110515e-01]
 [1.58840312e+09 2.14748365e+09]
 [1.23807902e+09 2.10187354e+09]
 [2.83602883e+01 6.72192660e+01]
 [1.88087818e-01 9.89222312e-01]
 [5.00000000e+02 8.59527924e+02]
 [2.67617654e-01 1.00000000e+00]
 [2.70252933e+01 4.80000000e+01]
 [1.00000000e+00 3.13671689e+00]
 [1.50000000e+02 2.35866740e+02]
 [5.00000000e-01 6.80884016e-01]
 [1.90440039e+00 4.00000000e+00]]
x = [4.57355641e+01 6.25560420e-01 3.85412809e-03 3.25044259e+02
 1.45899204e+00 6.60538880e+00 6.60366330e+00 6.31619118e+02
 9.96571251e+01 7.26359723e+01 5.47532119e+00 1.83673105e+09
 7.47759915e-01 6.47282487e-01 6.82284792e+02 6.55917055e-01
 2.37095935e-01 1.25753505e+09 1.31996645e+09 4.88046783e+01
 7.58076945e-01 8.74590397e+02 7.85128681e-01 2.16796998e+01
 4.69114641e+00 2.12381847e+02 6.08287922e-01 3.88371644e+00]
predict_target = [0.]
target = -338.377
bounds = 
[[3.80890536e+01 6.12660729e+01]
 [4.67121091e-01 1.00000000e+00]
 [3.23931942e-01 1.00000000e+00]
 [3.20858510e+02 5.00000000e+02]
 [1.00000000e+00 2.66989422e+00]
 [6.60126270e+00 8.00000000e+00]
 [3.62842629e+00 6.53698288e+00]
 [3.84000000e+02 6.34972422e+02]
 [5.00272138e+01 1.19578937e+02]
 [8.68804349e+01 1.28000000e+02]
 [5.52180528e+00 9.83475985e+00]
 [1.16476776e+09 1.94239247e+09]
 [5.00000000e-01 6.91687199e-01]
 [1.18505363e-01 8.45903774e-01]
 [7.73424394e+02 1.02400000e+03]
 [7.43187758e-01 9.00000000e-01]
 [1.82921567e-01 9.07837412e-01]
 [1.62992464e+09 2.14748365e+09]
 [1.28126875e+09 2.05868382e+09]
 [3.03032371e+01 6.52763171e+01]
 [2.28144543e-01 9.49165587e-01]
 [5.00000000e+02 8.39720648e+02]
 [3.07295666e-01 1.00000000e+00]
 [2.82832681e+01 4.80000000e+01]
 [1.00000000e+00 2.98178015e+00]
 [1.50000000e+02 2.28219755e+02]
 [5.00000000e-01 6.65546473e-01]
 [2.02295086e+00 4.00000000e+00]]
x = [3.86893591e+01 9.81525506e-01 6.21202499e-01 4.77624091e+02
 3.22428079e+00 4.03766688e+00 4.64078080e+00 8.17043542e+02
 7.14564350e+01 1.10782108e+02 8.68095246e+00 1.96921176e+09
 6.46156603e-01 1.19881159e-01 8.39012031e+02 5.48714172e-01
 9.43072252e-01 1.10746804e+09 1.21471865e+09 2.48698542e+01
 9.54847691e-01 8.28612328e+02 4.59111729e-02 3.58450675e+01
 2.30249515e+00 2.61223951e+02 6.37915304e-01 2.56025707e+00]
predict_target = [0.]
target = -256.469
bounds = 
[[3.92479046e+01 6.01072219e+01]
 [5.02143057e-01 1.00000000e+00]
 [3.59570512e-01 1.00000000e+00]
 [3.31448115e+02 5.00000000e+02]
 [1.00000000e+00 2.56452147e+00]
 [6.73819506e+00 8.00000000e+00]
 [3.77385412e+00 6.39155505e+00]
 [3.84000000e+02 6.17757134e+02]
 [5.35048000e+01 1.16101351e+02]
 [9.01993230e+01 1.28000000e+02]
 [5.73745301e+00 9.61911212e+00]
 [1.20364900e+09 1.90351123e+09]
 [5.00000000e-01 6.77770842e-01]
 [1.54875283e-01 8.09533853e-01]
 [7.91259792e+02 1.02400000e+03]
 [7.56953935e-01 9.00000000e-01]
 [2.19167359e-01 8.71591620e-01]
 [1.66729401e+09 2.14748365e+09]
 [1.32013950e+09 2.01981306e+09]
 [3.20518911e+01 6.35276631e+01]
 [2.64195595e-01 9.13114535e-01]
 [5.01016232e+02 8.21894100e+02]
 [3.43005876e-01 9.85789657e-01]
 [2.94154454e+01 4.80000000e+01]
 [1.00000000e+00 2.84233707e+00]
 [1.50000000e+02 2.21337469e+02]
 [5.00000000e-01 6.51742685e-01]
 [2.12964629e+00 4.00000000e+00]]
x = [3.47811155e+01 3.29207611e-02 9.65732997e-01 3.53546905e+02
 2.78994854e+00 5.11058474e+00 3.27956742e+00 4.68931513e+02
 6.23036843e+01 8.30936149e+01 4.72566279e+00 1.39395889e+09
 6.04814023e-01 8.58814069e-01 5.96911797e+02 7.01006278e-01
 4.53884538e-01 1.67633063e+09 1.81929824e+09 6.38942763e+01
 2.04228086e-01 5.75200936e+02 2.36332091e-01 4.35472225e+01
 3.10395308e+00 2.23572688e+02 8.77100377e-01 1.03165103e+00]
predict_target = [0.]
target = -199.523
bounds = 
[[3.20000000e+01 4.34229859e+01]
 [0.00000000e+00 2.77377691e-01]
 [6.91331343e-01 1.00000000e+00]
 [2.71431491e+02 4.35662319e+02]
 [1.99511836e+00 3.58477873e+00]
 [4.14443269e+00 6.07673679e+00]
 [3.00000000e+00 4.36737598e+00]
 [3.84000000e+02 6.08069747e+02]
 [3.52602059e+01 8.93471626e+01]
 [5.80594065e+01 1.08127823e+02]
 [4.00000000e+00 6.32477840e+00]
 [1.08700194e+09 1.70091583e+09]
 [5.00000000e-01 7.14921990e-01]
 [5.83048187e-01 1.00000000e+00]
 [5.12000000e+02 7.23635187e+02]
 [5.98492406e-01 8.03520150e-01]
 [1.64868368e-01 7.42900708e-01]
 [1.39000316e+09 1.96265810e+09]
 [1.51191123e+09 2.12668525e+09]
 [5.05354039e+01 7.20000000e+01]
 [0.00000000e+00 4.77020260e-01]
 [5.00000000e+02 7.15283265e+02]
 [0.00000000e+00 5.04181509e-01]
 [3.45736953e+01 4.80000000e+01]
 [2.05029438e+00 4.15761178e+00]
 [1.71034961e+02 2.76110415e+02]
 [7.82769279e-01 9.00000000e-01]
 [1.00000000e+00 1.79297128e+00]]
x = [6.25087525e+01 2.72641016e-01 3.91324758e-01 2.51266997e+02
 3.82742566e+00 7.09595460e+00 5.77080657e+00 7.86603119e+02
 3.85675351e+01 3.93652365e+01 6.62211847e+00 1.12948348e+09
 7.95259820e-01 7.06499995e-01 9.14476748e+02 8.06180560e-01
 7.02316763e-01 1.57142839e+09 2.06288663e+09 6.60515304e+01
 3.45149868e-03 6.85894247e+02 9.08164221e-01 2.92905887e+01
 3.86439167e+00 3.23929571e+02 7.35578844e-01 1.61375397e+00]
predict_target = [0.]
target = -184.837
================= config6 =================
2022年 01月 28日 星期五 17:23:43 CST
/usr/local/home/python3/python3/lib/python3.8/subprocess.py:848: RuntimeWarning: line buffering (buffering=1) isn't supported in binary mode, the default buffer size will be used
  self.stdout = io.open(c2pread, 'rb', bufsize)
/usr/local/home/python3/python3/lib/python3.8/subprocess.py:853: RuntimeWarning: line buffering (buffering=1) isn't supported in binary mode, the default buffer size will be used
  self.stderr = io.open(errread, 'rb', bufsize)
cmd

end before line
finish
-------------------stop k8s-node02 --------------
kill: 用法:kill [-s 信号声明 | -n 信号编号 | -信号声明] 进程号 | 任务声明 ... 或 kill -l [信号声明]
/usr/local/home/zwr/stop.sh: 第 3 行:kill: (31330) - 没有那个进程
-------------------stop k8s-node03 --------------
kill: 用法:kill [-s 信号声明 | -n 信号编号 | -信号声明] 进程号 | 任务声明 ... 或 kill -l [信号声明]
/usr/local/home/zwr/stop.sh: 第 3 行:kill: (301993) - 没有那个进程
================= config7 =================
2022年 01月 28日 星期五 17:28:15 CST
/usr/local/home/python3/python3/lib/python3.8/subprocess.py:848: RuntimeWarning: line buffering (buffering=1) isn't supported in binary mode, the default buffer size will be used
  self.stdout = io.open(c2pread, 'rb', bufsize)
/usr/local/home/python3/python3/lib/python3.8/subprocess.py:853: RuntimeWarning: line buffering (buffering=1) isn't supported in binary mode, the default buffer size will be used
  self.stderr = io.open(errread, 'rb', bufsize)
cmd

end before line
finish
-------------------stop k8s-node02 --------------
kill: 用法:kill [-s 信号声明 | -n 信号编号 | -信号声明] 进程号 | 任务声明 ... 或 kill -l [信号声明]
/usr/local/home/zwr/stop.sh: 第 3 行:kill: (33349) - 没有那个进程
-------------------stop k8s-node03 --------------
kill: 用法:kill [-s 信号声明 | -n 信号编号 | -信号声明] 进程号 | 任务声明 ... 或 kill -l [信号声明]
/usr/local/home/zwr/stop.sh: 第 3 行:kill: (304080) - 没有那个进程
================= config8 =================
2022年 01月 28日 星期五 17:32:06 CST
/usr/local/home/python3/python3/lib/python3.8/subprocess.py:848: RuntimeWarning: line buffering (buffering=1) isn't supported in binary mode, the default buffer size will be used
  self.stdout = io.open(c2pread, 'rb', bufsize)
/usr/local/home/python3/python3/lib/python3.8/subprocess.py:853: RuntimeWarning: line buffering (buffering=1) isn't supported in binary mode, the default buffer size will be used
  self.stderr = io.open(errread, 'rb', bufsize)
cmd

end before line
finish
-------------------stop k8s-node02 --------------
kill: 用法:kill [-s 信号声明 | -n 信号编号 | -信号声明] 进程号 | 任务声明 ... 或 kill -l [信号声明]
/usr/local/home/zwr/stop.sh: 第 3 行:kill: (35222) - 没有那个进程
-------------------stop k8s-node03 --------------
kill: 用法:kill [-s 信号声明 | -n 信号编号 | -信号声明] 进程号 | 任务声明 ... 或 kill -l [信号声明]
/usr/local/home/zwr/stop.sh: 第 3 行:kill: (306006) - 没有那个进程
================= config9 =================
2022年 01月 28日 星期五 17:35:42 CST
/usr/local/home/python3/python3/lib/python3.8/subprocess.py:848: RuntimeWarning: line buffering (buffering=1) isn't supported in binary mode, the default buffer size will be used
  self.stdout = io.open(c2pread, 'rb', bufsize)
/usr/local/home/python3/python3/lib/python3.8/subprocess.py:853: RuntimeWarning: line buffering (buffering=1) isn't supported in binary mode, the default buffer size will be used
  self.stderr = io.open(errread, 'rb', bufsize)
cmd

end before line
finish
-------------------stop k8s-node02 --------------
kill: 用法:kill [-s 信号声明 | -n 信号编号 | -信号声明] 进程号 | 任务声明 ... 或 kill -l [信号声明]
/usr/local/home/zwr/stop.sh: 第 3 行:kill: (36661) - 没有那个进程
-------------------stop k8s-node03 --------------
kill: 用法:kill [-s 信号声明 | -n 信号编号 | -信号声明] 进程号 | 任务声明 ... 或 kill -l [信号声明]
/usr/local/home/zwr/stop.sh: 第 3 行:kill: (307530) - 没有那个进程
================= config10 =================
2022年 01月 28日 星期五 17:38:29 CST
/usr/local/home/python3/python3/lib/python3.8/subprocess.py:848: RuntimeWarning: line buffering (buffering=1) isn't supported in binary mode, the default buffer size will be used
  self.stdout = io.open(c2pread, 'rb', bufsize)
/usr/local/home/python3/python3/lib/python3.8/subprocess.py:853: RuntimeWarning: line buffering (buffering=1) isn't supported in binary mode, the default buffer size will be used
  self.stderr = io.open(errread, 'rb', bufsize)
cmd

end before line
finish
-------------------stop k8s-node02 --------------
kill: 用法:kill [-s 信号声明 | -n 信号编号 | -信号声明] 进程号 | 任务声明 ... 或 kill -l [信号声明]
/usr/local/home/zwr/stop.sh: 第 3 行:kill: (38626) - 没有那个进程
-------------------stop k8s-node03 --------------
kill: 用法:kill [-s 信号声明 | -n 信号编号 | -信号声明] 进程号 | 任务声明 ... 或 kill -l [信号声明]
/usr/local/home/zwr/stop.sh: 第 3 行:kill: (309578) - 没有那个进程
================= config11 =================
2022年 01月 28日 星期五 17:42:19 CST
/usr/local/home/python3/python3/lib/python3.8/subprocess.py:848: RuntimeWarning: line buffering (buffering=1) isn't supported in binary mode, the default buffer size will be used
  self.stdout = io.open(c2pread, 'rb', bufsize)
/usr/local/home/python3/python3/lib/python3.8/subprocess.py:853: RuntimeWarning: line buffering (buffering=1) isn't supported in binary mode, the default buffer size will be used
  self.stderr = io.open(errread, 'rb', bufsize)
cmd

end before line
finish
-------------------stop k8s-node02 --------------
kill: 用法:kill [-s 信号声明 | -n 信号编号 | -信号声明] 进程号 | 任务声明 ... 或 kill -l [信号声明]
/usr/local/home/zwr/stop.sh: 第 3 行:kill: (40045) - 没有那个进程
-------------------stop k8s-node03 --------------
kill: 用法:kill [-s 信号声明 | -n 信号编号 | -信号声明] 进程号 | 任务声明 ... 或 kill -l [信号声明]
/usr/local/home/zwr/stop.sh: 第 3 行:kill: (311014) - 没有那个进程
bounds = 
[[5.99965085e+01 6.40000000e+01]
 [1.20789099e-01 4.24492934e-01]
 [2.90677950e-01 4.91971565e-01]
 [2.00000000e+02 3.35063447e+02]
 [2.96615059e+00 4.00000000e+00]
 [6.97602478e+00 7.21588442e+00]
 [5.58009539e+00 5.96151775e+00]
 [6.62961900e+02 8.77000000e+02]
 [3.20000000e+01 6.45479959e+01]
 [3.20000000e+01 6.93547784e+01]
 [5.65983579e+00 7.58440115e+00]
 [1.07374157e+09 1.41739146e+09]
 [6.81409568e-01 9.00000000e-01]
 [4.84139521e-01 9.28860469e-01]
 [9.00529933e+02 9.28423562e+02]
 [7.38429125e-01 8.73931996e-01]
 [4.72921272e-01 9.31712254e-01]
 [1.30958322e+09 1.83327356e+09]
 [1.77716757e+09 2.14748365e+09]
 [5.40048676e+01 7.20000000e+01]
 [0.00000000e+00 2.67049271e-01]
 [5.76177051e+02 7.95611442e+02]
 [8.84885065e-01 9.31443376e-01]
 [2.36038286e+01 3.49773488e+01]
 [2.84759521e+00 4.88118814e+00]
 [2.60485976e+02 3.50000000e+02]
 [7.01374135e-01 7.69783554e-01]
 [1.06945050e+00 2.15805744e+00]]
x = [5.74420642e+01 4.32860022e-01 2.26669597e-01 2.38329118e+02
 2.32958322e+00 5.39532886e+00 4.32859019e+00 5.48806726e+02
 1.14674514e+02 6.14033741e+01 9.86547143e+00 1.74338525e+09
 8.33970749e-01 2.97498403e-01 7.52968503e+02 6.30361457e-01
 5.62995339e-02 1.91376686e+09 1.47773086e+09 3.75597012e+01
 3.96483114e-01 9.68237065e+02 3.54291664e-01 1.68323189e+01
 2.78726348e+00 3.04939116e+02 8.22254632e-01 2.32303434e+00]
predict_target = [0.]
target = -263.468
bounds = 
[[6.02477329e+01 6.40000000e+01]
 [1.35974291e-01 4.09307742e-01]
 [3.00742631e-01 4.81906885e-01]
 [2.00000000e+02 3.26683802e+02]
 [3.05227810e+00 4.00000000e+00]
 [6.98801776e+00 7.20389144e+00]
 [5.59916650e+00 5.94244663e+00]
 [6.75326022e+02 8.77000000e+02]
 [3.20000000e+01 6.19499498e+01]
 [3.20000000e+01 6.63558242e+01]
 [5.75606406e+00 7.48817288e+00]
 [1.07374157e+09 1.38860066e+09]
 [6.92794594e-01 8.97725047e-01]
 [5.06375569e-01 9.06624422e-01]
 [9.01924614e+02 9.27028881e+02]
 [7.45204268e-01 8.67156852e-01]
 [4.95860821e-01 9.08772705e-01]
 [1.33576774e+09 1.80708904e+09]
 [1.80573947e+09 2.14748365e+09]
 [5.52095339e+01 7.20000000e+01]
 [0.00000000e+00 2.40689494e-01]
 [5.87148770e+02 7.84639723e+02]
 [8.87212981e-01 9.29115460e-01]
 [2.41725046e+01 3.44086728e+01]
 [2.94927486e+00 4.77950849e+00]
 [2.66830335e+02 3.50000000e+02]
 [7.04794606e-01 7.66363083e-01]
 [1.12388085e+00 2.10362709e+00]]
x = [6.15021630e+01 2.57024802e-01 3.75864868e-01 3.12709328e+02
 3.19375048e+00 7.09006384e+00 5.91388224e+00 7.07590522e+02
 5.41653536e+01 3.45351185e+01 7.02961897e+00 1.29073286e+09
 8.07760362e-01 6.41138526e-01 9.14283288e+02 8.26018363e-01
 6.70866264e-01 1.41414850e+09 1.98402453e+09 5.83308399e+01
 1.11543271e-01 7.51310578e+02 9.08139691e-01 3.37731906e+01
 4.46613161e+00 2.93159000e+02 7.24720306e-01 1.81094545e+00]
predict_target = [-245.51366667]
target = -221.891
bounds = 
[[6.04738349e+01 6.40000000e+01]
 [1.49640963e-01 3.95641070e-01]
 [3.09800844e-01 4.72848672e-01]
 [2.00000000e+02 3.19142121e+02]
 [3.12979285e+00 4.00000000e+00]
 [6.99881145e+00 7.19309775e+00]
 [5.61633051e+00 5.92528263e+00]
 [6.86453732e+02 8.77000000e+02]
 [3.20000000e+01 5.96117083e+01]
 [3.20000000e+01 6.36567654e+01]
 [5.84266950e+00 7.40156744e+00]
 [1.07374157e+09 1.36268894e+09]
 [7.03041116e-01 8.87478524e-01]
 [5.26388011e-01 8.86611979e-01]
 [9.03179828e+02 9.25773668e+02]
 [7.51301897e-01 8.61059223e-01]
 [5.16506416e-01 8.88127111e-01]
 [1.35933380e+09 1.78352298e+09]
 [1.83145419e+09 2.14748365e+09]
 [5.62937336e+01 7.20000000e+01]
 [0.00000000e+00 2.16965694e-01]
 [5.97023318e+02 7.74765175e+02]
 [8.89308105e-01 9.27020336e-01]
 [2.46843130e+01 3.38968644e+01]
 [3.04078654e+00 4.68799681e+00]
 [2.72540259e+02 3.50000000e+02]
 [7.07873030e-01 7.63284659e-01]
 [1.17286816e+00 2.05463978e+00]]
x = [6.12772902e+01 3.60043767e-01 3.11874396e-01 3.17716574e+02
 3.28195299e+00 7.03935370e+00 5.80927036e+00 8.09255395e+02
 5.67008261e+01 4.92040775e+01 5.98023245e+00 1.36107948e+09
 7.80342417e-01 6.14054147e-01 9.24323107e+02 8.39629732e-01
 6.36548674e-01 1.46255495e+09 1.88587609e+09 6.69822590e+01
 1.68495974e-01 6.14824725e+02 9.04966408e-01 3.32844468e+01
 3.66209481e+00 3.29634097e+02 7.16745494e-01 1.22693296e+00]
predict_target = [-242.139]
target = -207.804
bounds = 
[[6.06773266e+01 6.40000000e+01]
 [1.61940969e-01 3.83341064e-01]
 [3.17953235e-01 4.64696281e-01]
 [2.00000000e+02 3.12354609e+02]
 [3.19955613e+00 4.00000000e+00]
 [7.00852576e+00 7.18338344e+00]
 [5.63177812e+00 5.90983502e+00]
 [6.96468671e+02 8.76737567e+02]
 [3.20000000e+01 5.75072910e+01]
 [3.20000000e+01 6.12276126e+01]
 [5.92061440e+00 7.32362254e+00]
 [1.07374157e+09 1.33936840e+09]
 [7.12262987e-01 8.78256654e-01]
 [5.44399210e-01 8.68600781e-01]
 [9.04309520e+02 9.24643976e+02]
 [7.56789764e-01 8.55571357e-01]
 [5.35087450e-01 8.69546076e-01]
 [1.38054326e+09 1.76231352e+09]
 [1.85459743e+09 2.14748365e+09]
 [5.72695132e+01 7.20000000e+01]
 [0.00000000e+00 1.95614275e-01]
 [6.05910411e+02 7.65878082e+02]
 [8.91193717e-01 9.25134725e-01]
 [2.51449405e+01 3.34362368e+01]
 [3.12314705e+00 4.60563630e+00]
 [2.77679190e+02 3.50000000e+02]
 [7.10643611e-01 7.60514077e-01]
 [1.21695674e+00 2.01055120e+00]]
x = [6.14265595e+01 3.04850772e-01 3.47608880e-01 3.10744589e+02
 3.57598016e+00 7.00959522e+00 5.64401078e+00 7.28587784e+02
 4.09101398e+01 3.60671436e+01 6.17196085e+00 1.20104352e+09
 8.27147674e-01 6.19703174e-01 9.19927033e+02 8.18380436e-01
 7.71235878e-01 1.47456847e+09 2.00998972e+09 6.73905816e+01
 7.14635261e-02 7.40916121e+02 8.92280063e-01 2.82731782e+01
 4.14688541e+00 2.82958816e+02 7.41761086e-01 1.69012036e+00]
predict_target = [-237.847125]
target = -157.9
bounds = 
[[5.98323859e+01 6.30207332e+01]
 [2.06831216e-01 4.02870327e-01]
 [2.83760304e-01 4.11457457e-01]
 [2.58739618e+02 3.62749560e+02]
 [3.02346986e+00 4.00000000e+00]
 [6.93522723e+00 7.08396320e+00]
 [5.52522496e+00 5.76279660e+00]
 [6.50367547e+02 8.06808021e+02]
 [3.20000000e+01 5.78387899e+01]
 [3.20000000e+01 5.55783774e+01]
 [5.56311507e+00 6.78080664e+00]
 [1.07374157e+09 1.38636195e+09]
 [7.54044916e-01 9.00000000e-01]
 [4.78152308e-01 7.61254040e-01]
 [9.11049042e+02 9.28805024e+02]
 [7.74538712e-01 8.62222159e-01]
 [6.24175452e-01 9.18296304e-01]
 [1.30761485e+09 1.64152209e+09]
 [1.82517429e+09 2.14748365e+09]
 [5.95537187e+01 7.20000000e+01]
 [0.00000000e+00 2.41009423e-01]
 [6.71681763e+02 8.10150480e+02]
 [8.77800817e-01 9.06759309e-01]
 [2.45929654e+01 3.19533910e+01]
 [3.49388994e+00 4.79988088e+00]
 [2.43382012e+02 3.22535621e+02]
 [7.19628488e-01 7.63893684e-01]
 [1.33682118e+00 2.04341955e+00]]
x = [6.26228343e+01 3.29260435e-01 3.27230486e-01 2.65938037e+02
 3.03311038e+00 6.97760057e+00 5.62164641e+00 7.31661149e+02
 4.94150640e+01 3.37276224e+01 5.72079769e+00 1.15750907e+09
 7.88935372e-01 5.14224648e-01 9.11582743e+02 8.14839415e-01
 7.24159163e-01 1.53841828e+09 1.82606233e+09 6.00301852e+01
 1.19125813e-01 7.31933491e+02 9.03545115e-01 2.78676545e+01
 4.65429956e+00 2.77394671e+02 7.25226356e-01 2.03043347e+00]
predict_target = [-228.96411111]
target = -220.567
bounds = 
[[5.99918032e+01 6.28613158e+01]
 [2.16633172e-01 3.93068371e-01]
 [2.90145162e-01 4.05072599e-01]
 [2.63940115e+02 3.57549063e+02]
 [3.07872089e+00 4.00000000e+00]
 [6.94266403e+00 7.07652641e+00]
 [5.53710354e+00 5.75091802e+00]
 [6.58189571e+02 7.98985997e+02]
 [3.20000000e+01 5.61459249e+01]
 [3.20000000e+01 5.36272540e+01]
 [5.62399965e+00 6.71992206e+00]
 [1.07374157e+09 1.36783010e+09]
 [7.61355192e-01 8.92940156e-01]
 [4.92307394e-01 7.47098953e-01]
 [9.11936841e+02 9.27917225e+02]
 [7.78922885e-01 8.57837986e-01]
 [6.38881495e-01 9.03590261e-01]
 [1.32431022e+09 1.62482673e+09]
 [1.84365583e+09 2.14748365e+09]
 [6.03374050e+01 7.20000000e+01]
 [0.00000000e+00 2.24054833e-01]
 [6.78605199e+02 8.03227044e+02]
 [8.79248742e-01 9.05311384e-01]
 [2.49609867e+01 3.15853697e+01]
 [3.55918949e+00 4.73458134e+00]
 [2.47339692e+02 3.18577941e+02]
 [7.21841748e-01 7.61680424e-01]
 [1.37215110e+00 2.00808963e+00]]
x = [6.02226073e+01 2.76970244e-01 3.58762408e-01 2.73438130e+02
 3.59526324e+00 6.99628736e+00 5.73531279e+00 7.13738961e+02
 4.42262581e+01 3.87334982e+01 6.13031310e+00 1.19929424e+09
 8.56739101e-01 5.07871688e-01 9.18212977e+02 7.87839544e-01
 6.92200052e-01 1.46788254e+09 2.07671049e+09 6.24049844e+01
 1.91980485e-01 7.80751642e+02 9.00054295e-01 2.79711331e+01
 4.41995454e+00 2.80386896e+02 7.35318102e-01 1.43891604e+00]
predict_target = [-228.1244]
target = -150.741
2527s
{'maxIndex': 11, 'target': -150.741, 'params': {'spark.broadcast.blockSize': 60.222607254955314, 'spark.broadcast.checksum': 0.2769702443678134, 'spark.broadcast.compress': 0.3587624082552527, 'spark.default.parallelism': 273.4381302139961, 'spark.executor.cores': 3.59526324447021, 'spark.executor.instances': 6.996287362888876, 'spark.executor.memory': 5.7353127868678175, 'spark.executor.memoryOverhead': 713.7389610641259, 'spark.kryoserializer.buffer': 44.2262580861989, 'spark.kryoserializer.buffer.max': 38.733498230892366, 'spark.locality.wait': 6.1303131020027575, 'spark.maxRemoteBlockSizeFetchToMem': 1199294238.6780705, 'spark.memory.fraction': 0.8567391011689117, 'spark.memory.offHeap.enabled': 0.5078716884389359, 'spark.memory.offHeap.size': 918.2129769942155, 'spark.memory.storageFraction': 0.7878395439672674, 'spark.rdd.compress': 0.6922000520768514, 'spark.reducer.maxBlocksInFlightPerAddress': 1467882542.1875844, 'spark.reducer.maxReqsInFlight': 2076710492.804676, 'spark.reducer.maxSizeInFlight': 62.404984368044644, 'spark.scheduler.mode': 0.19198048516647873, 'spark.scheduler.revive.interval': 780.7516418269183, 'spark.shuffle.compress': 0.9000542952710484, 'spark.shuffle.file.buffer': 27.971133075098, 'spark.shuffle.io.numConnectionsPerPeer': 4.4199545424326825, 'spark.shuffle.sort.bypassMergeThreshold': 280.3868958678514, 'spark.storage.memoryFraction': 0.7353181018351268, 'spark.storage.memoryMapThreshold': 1.4389160364278897}}
=============== finish wordcount-100G ===============
2022年 01月 28日 星期五 17:44:58 CST
=============== finish wordcount-100G ===============
