nohup: 忽略输入
/usr/local/home/yyq/bo/rs_bo/rs_bo_newEI
=============== start wordcount-100G ===============
2022年 01月 27日 星期四 19:37:06 CST
=============== start wordcount-100G ===============
mv: 无法获取"/usr/local/home/yyq/bo/rs_bo/rs_bo_newEI/config/wordcount-100G" 的文件状态(stat): 没有那个文件或目录
mv: 无法获取"/usr/local/home/yyq/bo/rs_bo/rs_bo_newEI/logs.json" 的文件状态(stat): 没有那个文件或目录
mv: 无法获取"/usr/local/home/yyq/bo/rs_bo/rs_bo_newEI/generationConf.csv" 的文件状态(stat): 没有那个文件或目录
mv: 无法获取"/usr/local/home/yyq/bo/rs_bo/rs_bo_newEI/target.png" 的文件状态(stat): 没有那个文件或目录
================= config1 =================
2022年 01月 27日 星期四 19:37:07 CST
/usr/local/home/python3/python3/lib/python3.8/subprocess.py:848: RuntimeWarning: line buffering (buffering=1) isn't supported in binary mode, the default buffer size will be used
  self.stdout = io.open(c2pread, 'rb', bufsize)
/usr/local/home/python3/python3/lib/python3.8/subprocess.py:853: RuntimeWarning: line buffering (buffering=1) isn't supported in binary mode, the default buffer size will be used
  self.stderr = io.open(errread, 'rb', bufsize)
cmd

end before line
finish
-------------------stop k8s-node02 --------------
kill: 用法:kill [-s 信号声明 | -n 信号编号 | -信号声明] 进程号 | 任务声明 ... 或 kill -l [信号声明]
/usr/local/home/zwr/stop.sh: 第 3 行:kill: (181194) - 没有那个进程
-------------------stop k8s-node03 --------------
kill: 用法:kill [-s 信号声明 | -n 信号编号 | -信号声明] 进程号 | 任务声明 ... 或 kill -l [信号声明]
/usr/local/home/zwr/stop.sh: 第 3 行:kill: (17143) - 没有那个进程
================= config2 =================
2022年 01月 27日 星期四 19:45:56 CST
/usr/local/home/python3/python3/lib/python3.8/subprocess.py:848: RuntimeWarning: line buffering (buffering=1) isn't supported in binary mode, the default buffer size will be used
  self.stdout = io.open(c2pread, 'rb', bufsize)
/usr/local/home/python3/python3/lib/python3.8/subprocess.py:853: RuntimeWarning: line buffering (buffering=1) isn't supported in binary mode, the default buffer size will be used
  self.stderr = io.open(errread, 'rb', bufsize)
cmd

end before line
finish
-------------------stop k8s-node02 --------------
kill: 用法:kill [-s 信号声明 | -n 信号编号 | -信号声明] 进程号 | 任务声明 ... 或 kill -l [信号声明]
/usr/local/home/zwr/stop.sh: 第 3 行:kill: (183146) - 没有那个进程
-------------------stop k8s-node03 --------------
kill: 用法:kill [-s 信号声明 | -n 信号编号 | -信号声明] 进程号 | 任务声明 ... 或 kill -l [信号声明]
/usr/local/home/zwr/stop.sh: 第 3 行:kill: (18912) - 没有那个进程
================= config3 =================
2022年 01月 27日 星期四 19:48:54 CST
/usr/local/home/python3/python3/lib/python3.8/subprocess.py:848: RuntimeWarning: line buffering (buffering=1) isn't supported in binary mode, the default buffer size will be used
  self.stdout = io.open(c2pread, 'rb', bufsize)
/usr/local/home/python3/python3/lib/python3.8/subprocess.py:853: RuntimeWarning: line buffering (buffering=1) isn't supported in binary mode, the default buffer size will be used
  self.stderr = io.open(errread, 'rb', bufsize)
cmd

end before line
finish
-------------------stop k8s-node02 --------------
kill: 用法:kill [-s 信号声明 | -n 信号编号 | -信号声明] 进程号 | 任务声明 ... 或 kill -l [信号声明]
/usr/local/home/zwr/stop.sh: 第 3 行:kill: (186904) - 没有那个进程
-------------------stop k8s-node03 --------------
kill: 用法:kill [-s 信号声明 | -n 信号编号 | -信号声明] 进程号 | 任务声明 ... 或 kill -l [信号声明]
/usr/local/home/zwr/stop.sh: 第 3 行:kill: (22501) - 没有那个进程
================= config4 =================
2022年 01月 27日 星期四 19:55:24 CST
/usr/local/home/python3/python3/lib/python3.8/subprocess.py:848: RuntimeWarning: line buffering (buffering=1) isn't supported in binary mode, the default buffer size will be used
  self.stdout = io.open(c2pread, 'rb', bufsize)
/usr/local/home/python3/python3/lib/python3.8/subprocess.py:853: RuntimeWarning: line buffering (buffering=1) isn't supported in binary mode, the default buffer size will be used
  self.stderr = io.open(errread, 'rb', bufsize)
cmd

end before line
finish
-------------------stop k8s-node02 --------------
kill: 用法:kill [-s 信号声明 | -n 信号编号 | -信号声明] 进程号 | 任务声明 ... 或 kill -l [信号声明]
/usr/local/home/zwr/stop.sh: 第 3 行:kill: (188749) - 没有那个进程
-------------------stop k8s-node03 --------------
kill: 用法:kill [-s 信号声明 | -n 信号编号 | -信号声明] 进程号 | 任务声明 ... 或 kill -l [信号声明]
/usr/local/home/zwr/stop.sh: 第 3 行:kill: (24441) - 没有那个进程
================= config5 =================
2022年 01月 27日 星期四 19:58:58 CST
/usr/local/home/python3/python3/lib/python3.8/subprocess.py:848: RuntimeWarning: line buffering (buffering=1) isn't supported in binary mode, the default buffer size will be used
  self.stdout = io.open(c2pread, 'rb', bufsize)
/usr/local/home/python3/python3/lib/python3.8/subprocess.py:853: RuntimeWarning: line buffering (buffering=1) isn't supported in binary mode, the default buffer size will be used
  self.stderr = io.open(errread, 'rb', bufsize)
cmd

end before line
finish
-------------------stop k8s-node02 --------------
kill: 用法:kill [-s 信号声明 | -n 信号编号 | -信号声明] 进程号 | 任务声明 ... 或 kill -l [信号声明]
/usr/local/home/zwr/stop.sh: 第 3 行:kill: (190886) - 没有那个进程
-------------------stop k8s-node03 --------------
kill: 用法:kill [-s 信号声明 | -n 信号编号 | -信号声明] 进程号 | 任务声明 ... 或 kill -l [信号声明]
/usr/local/home/zwr/stop.sh: 第 3 行:kill: (26387) - 没有那个进程
benchmark=wordcount-100G, niters = 15, ninit = 44
                                 vital_params
0                   spark.broadcast.blockSize
1                    spark.broadcast.checksum
2                    spark.broadcast.compress
3                   spark.default.parallelism
4                        spark.executor.cores
5                    spark.executor.instances
6                       spark.executor.memory
7               spark.executor.memoryOverhead
8                 spark.kryoserializer.buffer
9             spark.kryoserializer.buffer.max
10                        spark.locality.wait
11         spark.maxRemoteBlockSizeFetchToMem
12                      spark.memory.fraction
13               spark.memory.offHeap.enabled
14                  spark.memory.offHeap.size
15               spark.memory.storageFraction
16                         spark.rdd.compress
17  spark.reducer.maxBlocksInFlightPerAddress
18              spark.reducer.maxReqsInFlight
19              spark.reducer.maxSizeInFlight
20                       spark.scheduler.mode
21            spark.scheduler.revive.interval
22                     spark.shuffle.compress
23                  spark.shuffle.file.buffer
24     spark.shuffle.io.numConnectionsPerPeer
25    spark.shuffle.sort.bypassMergeThreshold
26           spark.storage.memoryMapThreshold
27               spark.storage.memoryFraction
迭代结束条件，当执行时间低于Tmax时，停止搜索，此时对应优化倍数为7倍。Tmax = 157.14285714285714
bounds = 
[[3.20000000e+01 6.40000000e+01]
 [0.00000000e+00 1.00000000e+00]
 [0.00000000e+00 1.00000000e+00]
 [2.00000000e+02 5.00000000e+02]
 [1.00000000e+00 4.00000000e+00]
 [4.00000000e+00 8.00000000e+00]
 [3.00000000e+00 7.00000000e+00]
 [3.84000000e+02 8.77000000e+02]
 [3.20000000e+01 1.28000000e+02]
 [3.20000000e+01 1.28000000e+02]
 [4.00000000e+00 1.00000000e+01]
 [1.07374157e+09 2.14748314e+09]
 [5.00000000e-01 9.00000000e-01]
 [0.00000000e+00 1.00000000e+00]
 [5.12000000e+02 1.02400000e+03]
 [5.00000000e-01 9.00000000e-01]
 [0.00000000e+00 1.00000000e+00]
 [1.07374182e+09 2.14748365e+09]
 [1.07374182e+09 2.14748365e+09]
 [2.40000000e+01 7.20000000e+01]
 [0.00000000e+00 1.00000000e+00]
 [5.00000000e+02 1.00000000e+03]
 [0.00000000e+00 1.00000000e+00]
 [1.60000000e+01 4.80000000e+01]
 [1.00000000e+00 5.00000000e+00]
 [1.50000000e+02 3.50000000e+02]
 [5.00000000e-01 9.00000000e-01]
 [1.00000000e+00 4.00000000e+00]]
x = [4.53447042e+01 7.20324493e-01 1.14374817e-04 2.90699772e+02
 1.44026767e+00 4.36935438e+00 3.74504085e+00 5.54361438e+02
 7.00896775e+01 8.37264065e+01 6.51516709e+00 1.80949023e+09
 5.81780900e-01 8.78117436e-01 5.26022448e+02 7.68187004e-01
 4.17304802e-01 1.67363046e+09 1.22448115e+09 3.35088715e+01
 8.00744569e-01 9.84130788e+02 3.13424178e-01 3.81543237e+01
 4.50555661e+00 3.28921333e+02 5.34017685e-01 1.11716435e+00]
predict_target = [0.]
target = -519.862
bounds = 
[[3.20000000e+01 6.40000000e+01]
 [0.00000000e+00 1.00000000e+00]
 [0.00000000e+00 1.00000000e+00]
 [2.00000000e+02 5.00000000e+02]
 [1.00000000e+00 4.00000000e+00]
 [4.00000000e+00 8.00000000e+00]
 [3.00000000e+00 7.00000000e+00]
 [3.84000000e+02 8.77000000e+02]
 [3.20000000e+01 1.28000000e+02]
 [3.20000000e+01 1.28000000e+02]
 [4.00000000e+00 1.00000000e+01]
 [1.07374157e+09 2.14748314e+09]
 [5.00000000e-01 9.00000000e-01]
 [0.00000000e+00 1.00000000e+00]
 [5.12000000e+02 1.02400000e+03]
 [5.00000000e-01 9.00000000e-01]
 [0.00000000e+00 1.00000000e+00]
 [1.07374182e+09 2.14748365e+09]
 [1.07374182e+09 2.14748365e+09]
 [2.40000000e+01 7.20000000e+01]
 [0.00000000e+00 1.00000000e+00]
 [5.00000000e+02 1.00000000e+03]
 [0.00000000e+00 1.00000000e+00]
 [1.60000000e+01 4.80000000e+01]
 [1.00000000e+00 5.00000000e+00]
 [1.50000000e+02 3.50000000e+02]
 [5.00000000e-01 9.00000000e-01]
 [1.00000000e+00 4.00000000e+00]]
x = [3.74345734e+01 8.78142503e-01 9.83468338e-02 3.26332288e+02
 3.87366859e+00 6.13266114e+00 5.76750846e+00 5.39549206e+02
 9.79040891e+01 1.12124065e+02 4.10972966e+00 1.87920270e+09
 8.95544436e-01 7.48165654e-01 6.55587324e+02 8.15711731e-01
 1.03226007e-01 1.55466383e+09 2.04933882e+09 3.80934791e+01
 2.87775339e-01 5.65014286e+02 1.93669579e-02 3.77227371e+01
 1.84651246e+00 2.03109332e+02 6.96629264e-01 1.16008764e+00]
predict_target = [0.]
target = -169.76
bounds = 
[[3.20000000e+01 6.40000000e+01]
 [0.00000000e+00 1.00000000e+00]
 [0.00000000e+00 1.00000000e+00]
 [2.00000000e+02 5.00000000e+02]
 [1.00000000e+00 4.00000000e+00]
 [4.00000000e+00 8.00000000e+00]
 [3.00000000e+00 7.00000000e+00]
 [3.84000000e+02 8.77000000e+02]
 [3.20000000e+01 1.28000000e+02]
 [3.20000000e+01 1.28000000e+02]
 [4.00000000e+00 1.00000000e+01]
 [1.07374157e+09 2.14748314e+09]
 [5.00000000e-01 9.00000000e-01]
 [0.00000000e+00 1.00000000e+00]
 [5.12000000e+02 1.02400000e+03]
 [5.00000000e-01 9.00000000e-01]
 [0.00000000e+00 1.00000000e+00]
 [1.07374182e+09 2.14748365e+09]
 [1.07374182e+09 2.14748365e+09]
 [2.40000000e+01 7.20000000e+01]
 [0.00000000e+00 1.00000000e+00]
 [5.00000000e+02 1.00000000e+03]
 [0.00000000e+00 1.00000000e+00]
 [1.60000000e+01 4.80000000e+01]
 [1.00000000e+00 5.00000000e+00]
 [1.50000000e+02 3.50000000e+02]
 [5.00000000e-01 9.00000000e-01]
 [1.00000000e+00 4.00000000e+00]]
x = [5.03717634e+01 1.46728575e-01 5.89305537e-01 4.09927508e+02
 1.30700329e+00 5.65622395e+00 5.77760063e+00 5.88190380e+02
 3.67955321e+01 8.34460550e+01 7.98276787e+00 1.62659941e+09
 8.77837902e-01 5.86555041e-01 9.74541781e+02 5.54989882e-01
 1.39276347e-01 1.94067162e+09 1.50074408e+09 3.19370015e+01
 9.27508580e-01 6.73882930e+02 7.50812103e-01 3.92319355e+01
 4.53322436e+00 2.74734441e+02 8.00376974e-01 2.04669503e+00]
predict_target = [0.]
target = -381.787
bounds = 
[[3.20000000e+01 6.40000000e+01]
 [0.00000000e+00 1.00000000e+00]
 [0.00000000e+00 1.00000000e+00]
 [2.00000000e+02 5.00000000e+02]
 [1.00000000e+00 4.00000000e+00]
 [4.00000000e+00 8.00000000e+00]
 [3.00000000e+00 7.00000000e+00]
 [3.84000000e+02 8.77000000e+02]
 [3.20000000e+01 1.28000000e+02]
 [3.20000000e+01 1.28000000e+02]
 [4.00000000e+00 1.00000000e+01]
 [1.07374157e+09 2.14748314e+09]
 [5.00000000e-01 9.00000000e-01]
 [0.00000000e+00 1.00000000e+00]
 [5.12000000e+02 1.02400000e+03]
 [5.00000000e-01 9.00000000e-01]
 [0.00000000e+00 1.00000000e+00]
 [1.07374182e+09 2.14748365e+09]
 [1.07374182e+09 2.14748365e+09]
 [2.40000000e+01 7.20000000e+01]
 [0.00000000e+00 1.00000000e+00]
 [5.00000000e+02 1.00000000e+03]
 [0.00000000e+00 1.00000000e+00]
 [1.60000000e+01 4.80000000e+01]
 [1.00000000e+00 5.00000000e+00]
 [1.50000000e+02 3.50000000e+02]
 [5.00000000e-01 9.00000000e-01]
 [1.00000000e+00 4.00000000e+00]]
x = [4.06376925e+01 8.95886218e-01 4.28091190e-01 4.89452014e+02
 2.99032449e+00 6.48678288e+00 3.45898389e+00 8.52098205e+02
 7.51915648e+01 8.75254030e+01 6.44882082e+00 1.32824729e+09
 8.61351808e-01 5.73679487e-01 5.13469607e+02 7.46857965e-01
 3.26644902e-01 1.63966615e+09 2.02501491e+09 4.11489485e+01
 9.08535151e-01 8.11680058e+02 1.58212428e-02 4.57419915e+01
 3.76358767e+00 3.49464570e+02 5.68936203e-01 1.41140725e+00]
predict_target = [0.]
target = -204.711
bounds = 
[[3.20000000e+01 6.40000000e+01]
 [0.00000000e+00 1.00000000e+00]
 [0.00000000e+00 1.00000000e+00]
 [2.00000000e+02 5.00000000e+02]
 [1.00000000e+00 4.00000000e+00]
 [4.00000000e+00 8.00000000e+00]
 [3.00000000e+00 7.00000000e+00]
 [3.84000000e+02 8.77000000e+02]
 [3.20000000e+01 1.28000000e+02]
 [3.20000000e+01 1.28000000e+02]
 [4.00000000e+00 1.00000000e+01]
 [1.07374157e+09 2.14748314e+09]
 [5.00000000e-01 9.00000000e-01]
 [0.00000000e+00 1.00000000e+00]
 [5.12000000e+02 1.02400000e+03]
 [5.00000000e-01 9.00000000e-01]
 [0.00000000e+00 1.00000000e+00]
 [1.07374182e+09 2.14748365e+09]
 [1.07374182e+09 2.14748365e+09]
 [2.40000000e+01 7.20000000e+01]
 [0.00000000e+00 1.00000000e+00]
 [5.00000000e+02 1.00000000e+03]
 [0.00000000e+00 1.00000000e+00]
 [1.60000000e+01 4.80000000e+01]
 [1.00000000e+00 5.00000000e+00]
 [1.50000000e+02 3.50000000e+02]
 [5.00000000e-01 9.00000000e-01]
 [1.00000000e+00 4.00000000e+00]]
================= config6 =================
2022年 01月 27日 星期四 20:02:13 CST
/usr/local/home/python3/python3/lib/python3.8/subprocess.py:848: RuntimeWarning: line buffering (buffering=1) isn't supported in binary mode, the default buffer size will be used
  self.stdout = io.open(c2pread, 'rb', bufsize)
/usr/local/home/python3/python3/lib/python3.8/subprocess.py:853: RuntimeWarning: line buffering (buffering=1) isn't supported in binary mode, the default buffer size will be used
  self.stderr = io.open(errread, 'rb', bufsize)
cmd

end before line
finish
-------------------stop k8s-node02 --------------
kill: 用法:kill [-s 信号声明 | -n 信号编号 | -信号声明] 进程号 | 任务声明 ... 或 kill -l [信号声明]
/usr/local/home/zwr/stop.sh: 第 3 行:kill: (196313) - 没有那个进程
-------------------stop k8s-node03 --------------
kill: 用法:kill [-s 信号声明 | -n 信号编号 | -信号声明] 进程号 | 任务声明 ... 或 kill -l [信号声明]
/usr/local/home/zwr/stop.sh: 第 3 行:kill: (31421) - 没有那个进程
================= config7 =================
2022年 01月 27日 星期四 20:11:07 CST
/usr/local/home/python3/python3/lib/python3.8/subprocess.py:848: RuntimeWarning: line buffering (buffering=1) isn't supported in binary mode, the default buffer size will be used
  self.stdout = io.open(c2pread, 'rb', bufsize)
/usr/local/home/python3/python3/lib/python3.8/subprocess.py:853: RuntimeWarning: line buffering (buffering=1) isn't supported in binary mode, the default buffer size will be used
  self.stderr = io.open(errread, 'rb', bufsize)
cmd

end before line
finish
-------------------stop k8s-node02 --------------
kill: 用法:kill [-s 信号声明 | -n 信号编号 | -信号声明] 进程号 | 任务声明 ... 或 kill -l [信号声明]
/usr/local/home/zwr/stop.sh: 第 3 行:kill: (198085) - 没有那个进程
-------------------stop k8s-node03 --------------
kill: 用法:kill [-s 信号声明 | -n 信号编号 | -信号声明] 进程号 | 任务声明 ... 或 kill -l [信号声明]
/usr/local/home/zwr/stop.sh: 第 3 行:kill: (33263) - 没有那个进程
================= config8 =================
2022年 01月 27日 星期四 20:14:31 CST
/usr/local/home/python3/python3/lib/python3.8/subprocess.py:848: RuntimeWarning: line buffering (buffering=1) isn't supported in binary mode, the default buffer size will be used
  self.stdout = io.open(c2pread, 'rb', bufsize)
/usr/local/home/python3/python3/lib/python3.8/subprocess.py:853: RuntimeWarning: line buffering (buffering=1) isn't supported in binary mode, the default buffer size will be used
  self.stderr = io.open(errread, 'rb', bufsize)
cmd

end before line
finish
-------------------stop k8s-node02 --------------
kill: 用法:kill [-s 信号声明 | -n 信号编号 | -信号声明] 进程号 | 任务声明 ... 或 kill -l [信号声明]
/usr/local/home/zwr/stop.sh: 第 3 行:kill: (200159) - 没有那个进程
-------------------stop k8s-node03 --------------
kill: 用法:kill [-s 信号声明 | -n 信号编号 | -信号声明] 进程号 | 任务声明 ... 或 kill -l [信号声明]
/usr/local/home/zwr/stop.sh: 第 3 行:kill: (35145) - 没有那个进程
================= config9 =================
2022年 01月 27日 星期四 20:17:47 CST
/usr/local/home/python3/python3/lib/python3.8/subprocess.py:848: RuntimeWarning: line buffering (buffering=1) isn't supported in binary mode, the default buffer size will be used
  self.stdout = io.open(c2pread, 'rb', bufsize)
/usr/local/home/python3/python3/lib/python3.8/subprocess.py:853: RuntimeWarning: line buffering (buffering=1) isn't supported in binary mode, the default buffer size will be used
  self.stderr = io.open(errread, 'rb', bufsize)
cmd

end before line
finish
-------------------stop k8s-node02 --------------
kill: 用法:kill [-s 信号声明 | -n 信号编号 | -信号声明] 进程号 | 任务声明 ... 或 kill -l [信号声明]
/usr/local/home/zwr/stop.sh: 第 3 行:kill: (201690) - 没有那个进程
-------------------stop k8s-node03 --------------
kill: 用法:kill [-s 信号声明 | -n 信号编号 | -信号声明] 进程号 | 任务声明 ... 或 kill -l [信号声明]
/usr/local/home/zwr/stop.sh: 第 3 行:kill: (36753) - 没有那个进程
================= config10 =================
2022年 01月 27日 星期四 20:20:42 CST
/usr/local/home/python3/python3/lib/python3.8/subprocess.py:848: RuntimeWarning: line buffering (buffering=1) isn't supported in binary mode, the default buffer size will be used
  self.stdout = io.open(c2pread, 'rb', bufsize)
/usr/local/home/python3/python3/lib/python3.8/subprocess.py:853: RuntimeWarning: line buffering (buffering=1) isn't supported in binary mode, the default buffer size will be used
  self.stderr = io.open(errread, 'rb', bufsize)
cmd

end before line
finish
-------------------stop k8s-node02 --------------
kill: 用法:kill [-s 信号声明 | -n 信号编号 | -信号声明] 进程号 | 任务声明 ... 或 kill -l [信号声明]
/usr/local/home/zwr/stop.sh: 第 3 行:kill: (204266) - 没有那个进程
-------------------stop k8s-node03 --------------
kill: 用法:kill [-s 信号声明 | -n 信号编号 | -信号声明] 进程号 | 任务声明 ... 或 kill -l [信号声明]
/usr/local/home/zwr/stop.sh: 第 3 行:kill: (39156) - 没有那个进程
x = [6.18430548e+01 6.96818161e-01 6.60001727e-02 4.26638916e+02
 3.26162857e+00 7.69209814e+00 5.84609903e+00 4.45265584e+02
 3.39084928e+01 3.45162547e+01 4.16983893e+00 1.33810862e+09
 8.44011179e-01 5.38831064e-01 7.95044853e+02 8.36812357e-01
 1.24173315e-01 1.37351302e+09 1.70269605e+09 7.05405959e+01
 5.61030219e-01 5.09323645e+02 8.00632673e-01 2.34551768e+01
 4.22842078e+00 2.27572129e+02 8.45416742e-01 3.24136493e+00]
predict_target = [0.]
target = -187.209
bounds = 
[[3.20000000e+01 6.40000000e+01]
 [0.00000000e+00 1.00000000e+00]
 [0.00000000e+00 1.00000000e+00]
 [2.00000000e+02 5.00000000e+02]
 [1.00000000e+00 4.00000000e+00]
 [4.00000000e+00 8.00000000e+00]
 [3.00000000e+00 7.00000000e+00]
 [3.84000000e+02 8.77000000e+02]
 [3.20000000e+01 1.28000000e+02]
 [3.20000000e+01 1.28000000e+02]
 [4.00000000e+00 1.00000000e+01]
 [1.07374157e+09 2.14748314e+09]
 [5.00000000e-01 9.00000000e-01]
 [0.00000000e+00 1.00000000e+00]
 [5.12000000e+02 1.02400000e+03]
 [5.00000000e-01 9.00000000e-01]
 [0.00000000e+00 1.00000000e+00]
 [1.07374182e+09 2.14748365e+09]
 [1.07374182e+09 2.14748365e+09]
 [2.40000000e+01 7.20000000e+01]
 [0.00000000e+00 1.00000000e+00]
 [5.00000000e+02 1.00000000e+03]
 [0.00000000e+00 1.00000000e+00]
 [1.60000000e+01 4.80000000e+01]
 [1.00000000e+00 5.00000000e+00]
 [1.50000000e+02 3.50000000e+02]
 [5.00000000e-01 9.00000000e-01]
 [1.00000000e+00 4.00000000e+00]]
x = [4.97996875e+01 1.36455226e-01 5.99176895e-02 2.36403037e+02
 1.13365564e+00 4.42997652e+00 3.90283735e+00 7.35503567e+02
 8.57328303e+01 3.32053741e+01 4.43184568e+00 2.11234637e+09
 7.27240185e-01 2.03293235e-01 6.41190781e+02 7.97530342e-01
 1.95429481e-01 1.69797122e+09 2.11529286e+09 6.46477825e+01
 2.39847759e-01 7.46884857e+02 6.19955718e-01 4.25273888e+01
 1.62716558e+00 1.53715240e+02 5.28008857e-01 2.45903533e+00]
predict_target = [0.]
target = -525.524
bounds = 
[[3.20000000e+01 6.40000000e+01]
 [0.00000000e+00 1.00000000e+00]
 [0.00000000e+00 1.00000000e+00]
 [2.00000000e+02 5.00000000e+02]
 [1.00000000e+00 4.00000000e+00]
 [4.00000000e+00 8.00000000e+00]
 [3.00000000e+00 7.00000000e+00]
 [3.84000000e+02 8.77000000e+02]
 [3.20000000e+01 1.28000000e+02]
 [3.20000000e+01 1.28000000e+02]
 [4.00000000e+00 1.00000000e+01]
 [1.07374157e+09 2.14748314e+09]
 [5.00000000e-01 9.00000000e-01]
 [0.00000000e+00 1.00000000e+00]
 [5.12000000e+02 1.02400000e+03]
 [5.00000000e-01 9.00000000e-01]
 [0.00000000e+00 1.00000000e+00]
 [1.07374182e+09 2.14748365e+09]
 [1.07374182e+09 2.14748365e+09]
 [2.40000000e+01 7.20000000e+01]
 [0.00000000e+00 1.00000000e+00]
 [5.00000000e+02 1.00000000e+03]
 [0.00000000e+00 1.00000000e+00]
 [1.60000000e+01 4.80000000e+01]
 [1.00000000e+00 5.00000000e+00]
 [1.50000000e+02 3.50000000e+02]
 [5.00000000e-01 9.00000000e-01]
 [1.00000000e+00 4.00000000e+00]]
x = [5.14025428e+01 5.68851437e-01 3.17362409e-01 4.96584846e+02
 2.73923566e+00 5.52056469e+00 5.20379288e+00 7.51449874e+02
 9.62463578e+01 5.74322775e+01 4.39800901e+00 1.47111635e+09
 7.51887003e-01 2.10174010e-01 8.97410844e+02 5.26614593e-01
 2.60315099e-01 1.93784046e+09 1.28144030e+09 5.46941223e+01
 5.24670309e-01 9.62403985e+02 2.63296770e-01 1.81107549e+01
 3.94026385e+00 3.04435606e+02 8.63126341e-01 3.79591621e+00]
predict_target = [0.]
target = -195.236
bounds = 
[[3.20000000e+01 6.40000000e+01]
 [0.00000000e+00 1.00000000e+00]
 [0.00000000e+00 1.00000000e+00]
 [2.00000000e+02 5.00000000e+02]
 [1.00000000e+00 4.00000000e+00]
 [4.00000000e+00 8.00000000e+00]
 [3.00000000e+00 7.00000000e+00]
 [3.84000000e+02 8.77000000e+02]
 [3.20000000e+01 1.28000000e+02]
 [3.20000000e+01 1.28000000e+02]
 [4.00000000e+00 1.00000000e+01]
 [1.07374157e+09 2.14748314e+09]
 [5.00000000e-01 9.00000000e-01]
 [0.00000000e+00 1.00000000e+00]
 [5.12000000e+02 1.02400000e+03]
 [5.00000000e-01 9.00000000e-01]
 [0.00000000e+00 1.00000000e+00]
 [1.07374182e+09 2.14748365e+09]
 [1.07374182e+09 2.14748365e+09]
 [2.40000000e+01 7.20000000e+01]
 [0.00000000e+00 1.00000000e+00]
 [5.00000000e+02 1.00000000e+03]
 [0.00000000e+00 1.00000000e+00]
 [1.60000000e+01 4.80000000e+01]
 [1.00000000e+00 5.00000000e+00]
 [1.50000000e+02 3.50000000e+02]
 [5.00000000e-01 9.00000000e-01]
 [1.00000000e+00 4.00000000e+00]]
x = [3.24464503e+01 2.34362086e-01 6.16778357e-01 4.84704896e+02
 3.85052836e+00 6.22661275e+00 6.66242540e+00 7.00292141e+02
 6.94407406e+01 7.86551040e+01 7.62586290e+00 1.66381401e+09
 8.70472571e-01 9.18733436e-01 7.14176314e+02 8.85305011e-01
 1.73955667e-01 1.20938711e+09 1.21878196e+09 4.82717840e+01
 2.15248053e-02 9.73985106e+02 8.27115471e-01 1.64806074e+01
 1.70478502e+00 2.16412715e+02 5.52398738e-01 3.42847208e+00]
predict_target = [0.]
target = -187.437
bounds = 
[[3.20000000e+01 6.40000000e+01]
 [0.00000000e+00 1.00000000e+00]
 [0.00000000e+00 1.00000000e+00]
 [2.00000000e+02 5.00000000e+02]
 [1.00000000e+00 4.00000000e+00]
 [4.00000000e+00 8.00000000e+00]
 [3.00000000e+00 7.00000000e+00]
 [3.84000000e+02 8.77000000e+02]
 [3.20000000e+01 1.28000000e+02]
 [3.20000000e+01 1.28000000e+02]
 [4.00000000e+00 1.00000000e+01]
 [1.07374157e+09 2.14748314e+09]
 [5.00000000e-01 9.00000000e-01]
 [0.00000000e+00 1.00000000e+00]
 [5.12000000e+02 1.02400000e+03]
 [5.00000000e-01 9.00000000e-01]
 [0.00000000e+00 1.00000000e+00]
 [1.07374182e+09 2.14748365e+09]
 [1.07374182e+09 2.14748365e+09]
 [2.40000000e+01 7.20000000e+01]
 [0.00000000e+00 1.00000000e+00]
 [5.00000000e+02 1.00000000e+03]
 [0.00000000e+00 1.00000000e+00]
 [1.60000000e+01 4.80000000e+01]
 [1.00000000e+00 5.00000000e+00]
 [1.50000000e+02 3.50000000e+02]
 [5.00000000e-01 9.00000000e-01]
 [1.00000000e+00 4.00000000e+00]]
x = [4.30315729e+01 9.40107482e-01 5.82014180e-01 4.63649595e+02
 3.53420334e+00 7.62156927e+00 4.83952106e+00 6.53348980e+02
 1.08665945e+02 5.94290098e+01 6.94152114e+00 1.71703121e+09
 5.06213310e-01 5.93481408e-01 7.34042291e+02 8.22944212e-01
 3.15244803e-01 2.03247377e+09 1.69421128e+09 3.28324897e+01
 7.87929234e-01 8.06015589e+02 5.39092721e-02 2.94461978e+01
 3.71627535e+00 3.33720356e+02 5.00160810e-01 3.93027745e+00]
predict_target = [0.]
target = -166.357
bounds = 
[[3.20000000e+01 6.40000000e+01]
 [0.00000000e+00 1.00000000e+00]
 [0.00000000e+00 1.00000000e+00]
 [2.00000000e+02 5.00000000e+02]
 [1.00000000e+00 4.00000000e+00]
 [4.00000000e+00 8.00000000e+00]
 [3.00000000e+00 7.00000000e+00]
 [3.84000000e+02 8.77000000e+02]
 [3.20000000e+01 1.28000000e+02]
 [3.20000000e+01 1.28000000e+02]
 [4.00000000e+00 1.00000000e+01]
 [1.07374157e+09 2.14748314e+09]
 [5.00000000e-01 9.00000000e-01]
 [0.00000000e+00 1.00000000e+00]
 [5.12000000e+02 1.02400000e+03]
 [5.00000000e-01 9.00000000e-01]
 [0.00000000e+00 1.00000000e+00]
 [1.07374182e+09 2.14748365e+09]
 [1.07374182e+09 2.14748365e+09]
 [2.40000000e+01 7.20000000e+01]
 [0.00000000e+00 1.00000000e+00]
 [5.00000000e+02 1.00000000e+03]
 [0.00000000e+00 1.00000000e+00]
 [1.60000000e+01 4.80000000e+01]
 [1.00000000e+00 5.00000000e+00]
 [1.50000000e+02 3.50000000e+02]
 [5.00000000e-01 9.00000000e-01]
 [1.00000000e+00 4.00000000e+00]]
x = [4.40505701e+01 9.73783538e-01 6.04716101e-01 4.48653742e+02
 2.72413451e+00 6.51230479e+00 4.14230513e+00 6.73308837e+02
 1.04002089e+02 1.14398128e+02 8.53049313e+00 1.82327465e+09
 8.45791772e-01 3.22680997e-01 8.55443861e+02 6.80349575e-01
 3.82102752e-01 1.51484715e+09 1.50482724e+09 3.92344294e+01
 6.21919368e-01 7.15123635e+02 9.73802078e-01 3.76896285e+01
 1.79427955e+00 2.35340202e+02 6.37338496e-01 3.39291641e+00]
predict_target = [0.]
target = -245.624
================= config11 =================
2022年 01月 27日 星期四 20:24:57 CST
/usr/local/home/python3/python3/lib/python3.8/subprocess.py:848: RuntimeWarning: line buffering (buffering=1) isn't supported in binary mode, the default buffer size will be used
  self.stdout = io.open(c2pread, 'rb', bufsize)
/usr/local/home/python3/python3/lib/python3.8/subprocess.py:853: RuntimeWarning: line buffering (buffering=1) isn't supported in binary mode, the default buffer size will be used
  self.stderr = io.open(errread, 'rb', bufsize)
cmd

end before line
finish
-------------------stop k8s-node02 --------------
kill: 用法:kill [-s 信号声明 | -n 信号编号 | -信号声明] 进程号 | 任务声明 ... 或 kill -l [信号声明]
/usr/local/home/zwr/stop.sh: 第 3 行:kill: (208159) - 没有那个进程
-------------------stop k8s-node03 --------------
kill: 用法:kill [-s 信号声明 | -n 信号编号 | -信号声明] 进程号 | 任务声明 ... 或 kill -l [信号声明]
/usr/local/home/zwr/stop.sh: 第 3 行:kill: (42153) - 没有那个进程
================= config12 =================
2022年 01月 27日 星期四 20:28:49 CST
/usr/local/home/python3/python3/lib/python3.8/subprocess.py:848: RuntimeWarning: line buffering (buffering=1) isn't supported in binary mode, the default buffer size will be used
  self.stdout = io.open(c2pread, 'rb', bufsize)
/usr/local/home/python3/python3/lib/python3.8/subprocess.py:853: RuntimeWarning: line buffering (buffering=1) isn't supported in binary mode, the default buffer size will be used
  self.stderr = io.open(errread, 'rb', bufsize)
cmd

end before line
finish
-------------------stop k8s-node02 --------------
kill: 用法:kill [-s 信号声明 | -n 信号编号 | -信号声明] 进程号 | 任务声明 ... 或 kill -l [信号声明]
/usr/local/home/zwr/stop.sh: 第 3 行:kill: (211121) - 没有那个进程
-------------------stop k8s-node03 --------------
kill: 用法:kill [-s 信号声明 | -n 信号编号 | -信号声明] 进程号 | 任务声明 ... 或 kill -l [信号声明]
/usr/local/home/zwr/stop.sh: 第 3 行:kill: (45197) - 没有那个进程
================= config13 =================
2022年 01月 27日 星期四 20:34:05 CST
/usr/local/home/python3/python3/lib/python3.8/subprocess.py:848: RuntimeWarning: line buffering (buffering=1) isn't supported in binary mode, the default buffer size will be used
  self.stdout = io.open(c2pread, 'rb', bufsize)
/usr/local/home/python3/python3/lib/python3.8/subprocess.py:853: RuntimeWarning: line buffering (buffering=1) isn't supported in binary mode, the default buffer size will be used
  self.stderr = io.open(errread, 'rb', bufsize)
cmd

end before line
finish
-------------------stop k8s-node02 --------------
kill: 用法:kill [-s 信号声明 | -n 信号编号 | -信号声明] 进程号 | 任务声明 ... 或 kill -l [信号声明]
/usr/local/home/zwr/stop.sh: 第 3 行:kill: (212570) - 没有那个进程
-------------------stop k8s-node03 --------------
kill: 用法:kill [-s 信号声明 | -n 信号编号 | -信号声明] 进程号 | 任务声明 ... 或 kill -l [信号声明]
/usr/local/home/zwr/stop.sh: 第 3 行:kill: (46745) - 没有那个进程
================= config14 =================
2022年 01月 27日 星期四 20:36:54 CST
/usr/local/home/python3/python3/lib/python3.8/subprocess.py:848: RuntimeWarning: line buffering (buffering=1) isn't supported in binary mode, the default buffer size will be used
  self.stdout = io.open(c2pread, 'rb', bufsize)
/usr/local/home/python3/python3/lib/python3.8/subprocess.py:853: RuntimeWarning: line buffering (buffering=1) isn't supported in binary mode, the default buffer size will be used
  self.stderr = io.open(errread, 'rb', bufsize)
cmd

end before line
finish
-------------------stop k8s-node02 --------------
kill: 用法:kill [-s 信号声明 | -n 信号编号 | -信号声明] 进程号 | 任务声明 ... 或 kill -l [信号声明]
/usr/local/home/zwr/stop.sh: 第 3 行:kill: (215437) - 没有那个进程
-------------------stop k8s-node03 --------------
kill: 用法:kill [-s 信号声明 | -n 信号编号 | -信号声明] 进程号 | 任务声明 ... 或 kill -l [信号声明]
/usr/local/home/zwr/stop.sh: 第 3 行:kill: (49927) - 没有那个进程
================= config15 =================
2022年 01月 27日 星期四 20:41:13 CST
/usr/local/home/python3/python3/lib/python3.8/subprocess.py:848: RuntimeWarning: line buffering (buffering=1) isn't supported in binary mode, the default buffer size will be used
  self.stdout = io.open(c2pread, 'rb', bufsize)
/usr/local/home/python3/python3/lib/python3.8/subprocess.py:853: RuntimeWarning: line buffering (buffering=1) isn't supported in binary mode, the default buffer size will be used
  self.stderr = io.open(errread, 'rb', bufsize)
cmd

end before line
finish
-------------------stop k8s-node02 --------------
kill: 用法:kill [-s 信号声明 | -n 信号编号 | -信号声明] 进程号 | 任务声明 ... 或 kill -l [信号声明]
/usr/local/home/zwr/stop.sh: 第 3 行:kill: (219201) - 没有那个进程
-------------------stop k8s-node03 --------------
kill: 用法:kill [-s 信号声明 | -n 信号编号 | -信号声明] 进程号 | 任务声明 ... 或 kill -l [信号声明]
/usr/local/home/zwr/stop.sh: 第 3 行:kill: (53382) - 没有那个进程
================= config16 =================
2022年 01月 27日 星期四 20:45:33 CST
/usr/local/home/python3/python3/lib/python3.8/subprocess.py:848: RuntimeWarning: line buffering (buffering=1) isn't supported in binary mode, the default buffer size will be used
  self.stdout = io.open(c2pread, 'rb', bufsize)
/usr/local/home/python3/python3/lib/python3.8/subprocess.py:853: RuntimeWarning: line buffering (buffering=1) isn't supported in binary mode, the default buffer size will be used
  self.stderr = io.open(errread, 'rb', bufsize)
cmd

end before line
finish
-------------------stop k8s-node02 --------------
kill: 用法:kill [-s 信号声明 | -n 信号编号 | -信号声明] 进程号 | 任务声明 ... 或 kill -l [信号声明]
/usr/local/home/zwr/stop.sh: 第 3 行:kill: (224414) - 没有那个进程
-------------------stop k8s-node03 --------------
kill: 用法:kill [-s 信号声明 | -n 信号编号 | -信号声明] 进程号 | 任务声明 ... 或 kill -l [信号声明]
/usr/local/home/zwr/stop.sh: 第 3 行:kill: (57643) - 没有那个进程
bounds = 
[[3.20000000e+01 6.40000000e+01]
 [0.00000000e+00 1.00000000e+00]
 [0.00000000e+00 1.00000000e+00]
 [2.00000000e+02 5.00000000e+02]
 [1.00000000e+00 4.00000000e+00]
 [4.00000000e+00 8.00000000e+00]
 [3.00000000e+00 7.00000000e+00]
 [3.84000000e+02 8.77000000e+02]
 [3.20000000e+01 1.28000000e+02]
 [3.20000000e+01 1.28000000e+02]
 [4.00000000e+00 1.00000000e+01]
 [1.07374157e+09 2.14748314e+09]
 [5.00000000e-01 9.00000000e-01]
 [0.00000000e+00 1.00000000e+00]
 [5.12000000e+02 1.02400000e+03]
 [5.00000000e-01 9.00000000e-01]
 [0.00000000e+00 1.00000000e+00]
 [1.07374182e+09 2.14748365e+09]
 [1.07374182e+09 2.14748365e+09]
 [2.40000000e+01 7.20000000e+01]
 [0.00000000e+00 1.00000000e+00]
 [5.00000000e+02 1.00000000e+03]
 [0.00000000e+00 1.00000000e+00]
 [1.60000000e+01 4.80000000e+01]
 [1.00000000e+00 5.00000000e+00]
 [1.50000000e+02 3.50000000e+02]
 [5.00000000e-01 9.00000000e-01]
 [1.00000000e+00 4.00000000e+00]]
x = [6.01599452e+01 9.03841956e-01 6.62719812e-01 2.81062479e+02
 1.75710010e+00 7.41959177e+00 5.11085859e+00 7.79465414e+02
 8.69588977e+01 1.02381682e+02 7.11406976e+00 1.90147167e+09
 7.27543196e-01 4.65709879e-01 6.87456721e+02 5.27283739e-01
 3.77924179e-01 1.15923967e+09 2.12903366e+09 3.27174169e+01
 8.11858698e-01 9.37480822e+02 6.88413252e-01 3.42238212e+01
 1.64388575e+00 2.43376005e+02 6.38068820e-01 1.67511987e+00]
predict_target = [0.]
target = -223.75
bounds = 
[[3.20000000e+01 6.40000000e+01]
 [0.00000000e+00 1.00000000e+00]
 [0.00000000e+00 1.00000000e+00]
 [2.00000000e+02 5.00000000e+02]
 [1.00000000e+00 4.00000000e+00]
 [4.00000000e+00 8.00000000e+00]
 [3.00000000e+00 7.00000000e+00]
 [3.84000000e+02 8.77000000e+02]
 [3.20000000e+01 1.28000000e+02]
 [3.20000000e+01 1.28000000e+02]
 [4.00000000e+00 1.00000000e+01]
 [1.07374157e+09 2.14748314e+09]
 [5.00000000e-01 9.00000000e-01]
 [0.00000000e+00 1.00000000e+00]
 [5.12000000e+02 1.02400000e+03]
 [5.00000000e-01 9.00000000e-01]
 [0.00000000e+00 1.00000000e+00]
 [1.07374182e+09 2.14748365e+09]
 [1.07374182e+09 2.14748365e+09]
 [2.40000000e+01 7.20000000e+01]
 [0.00000000e+00 1.00000000e+00]
 [5.00000000e+02 1.00000000e+03]
 [0.00000000e+00 1.00000000e+00]
 [1.60000000e+01 4.80000000e+01]
 [1.00000000e+00 5.00000000e+00]
 [1.50000000e+02 3.50000000e+02]
 [5.00000000e-01 9.00000000e-01]
 [1.00000000e+00 4.00000000e+00]]
x = [5.09603798e+01 3.12269838e-01 9.16305553e-01 4.72890657e+02
 1.77135488e+00 4.44356520e+00 3.77185093e+00 6.30294996e+02
 1.01944224e+02 5.19866661e+01 5.48820135e+00 1.98821706e+09
 6.66339487e-01 6.16685067e-01 6.31637063e+02 5.40786904e-01
 5.15857017e-01 1.58606806e+09 1.23767175e+09 5.38466991e+01
 5.44010119e-01 8.27068673e+02 1.44545540e-01 4.00488901e+01
 1.88819656e+00 2.53870365e+02 8.14118411e-01 1.06699128e+00]
predict_target = [0.]
target = -307.751
bounds = 
[[3.20000000e+01 6.40000000e+01]
 [0.00000000e+00 1.00000000e+00]
 [0.00000000e+00 1.00000000e+00]
 [2.00000000e+02 5.00000000e+02]
 [1.00000000e+00 4.00000000e+00]
 [4.00000000e+00 8.00000000e+00]
 [3.00000000e+00 7.00000000e+00]
 [3.84000000e+02 8.77000000e+02]
 [3.20000000e+01 1.28000000e+02]
 [3.20000000e+01 1.28000000e+02]
 [4.00000000e+00 1.00000000e+01]
 [1.07374157e+09 2.14748314e+09]
 [5.00000000e-01 9.00000000e-01]
 [0.00000000e+00 1.00000000e+00]
 [5.12000000e+02 1.02400000e+03]
 [5.00000000e-01 9.00000000e-01]
 [0.00000000e+00 1.00000000e+00]
 [1.07374182e+09 2.14748365e+09]
 [1.07374182e+09 2.14748365e+09]
 [2.40000000e+01 7.20000000e+01]
 [0.00000000e+00 1.00000000e+00]
 [5.00000000e+02 1.00000000e+03]
 [0.00000000e+00 1.00000000e+00]
 [1.60000000e+01 4.80000000e+01]
 [1.00000000e+00 5.00000000e+00]
 [1.50000000e+02 3.50000000e+02]
 [5.00000000e-01 9.00000000e-01]
 [1.00000000e+00 4.00000000e+00]]
x = [4.23795987e+01 8.72922376e-01 8.44709608e-01 3.61532178e+02
 3.59982482e+00 7.79922397e+00 6.30562799e+00 8.05078914e+02
 4.14793666e+01 9.45252159e+01 8.22110193e+00 1.72898249e+09
 8.19846105e-01 3.45712199e-02 9.06362232e+02 7.92691440e-01
 2.59698393e-01 1.34976788e+09 1.75267234e+09 4.05742782e+01
 7.96588678e-01 7.23073116e+02 7.82749415e-01 4.76950971e+01
 2.20099336e+00 1.78601166e+02 8.60523375e-01 2.62467814e+00]
predict_target = [0.]
target = -159.944
bounds = 
[[3.20000000e+01 6.40000000e+01]
 [0.00000000e+00 1.00000000e+00]
 [0.00000000e+00 1.00000000e+00]
 [2.00000000e+02 5.00000000e+02]
 [1.00000000e+00 4.00000000e+00]
 [4.00000000e+00 8.00000000e+00]
 [3.00000000e+00 7.00000000e+00]
 [3.84000000e+02 8.77000000e+02]
 [3.20000000e+01 1.28000000e+02]
 [3.20000000e+01 1.28000000e+02]
 [4.00000000e+00 1.00000000e+01]
 [1.07374157e+09 2.14748314e+09]
 [5.00000000e-01 9.00000000e-01]
 [0.00000000e+00 1.00000000e+00]
 [5.12000000e+02 1.02400000e+03]
 [5.00000000e-01 9.00000000e-01]
 [0.00000000e+00 1.00000000e+00]
 [1.07374182e+09 2.14748365e+09]
 [1.07374182e+09 2.14748365e+09]
 [2.40000000e+01 7.20000000e+01]
 [0.00000000e+00 1.00000000e+00]
 [5.00000000e+02 1.00000000e+03]
 [0.00000000e+00 1.00000000e+00]
 [1.60000000e+01 4.80000000e+01]
 [1.00000000e+00 5.00000000e+00]
 [1.50000000e+02 3.50000000e+02]
 [5.00000000e-01 9.00000000e-01]
 [1.00000000e+00 4.00000000e+00]]
x = [6.31916919e+01 6.36604400e-01 9.93913025e-01 3.63821241e+02
 2.57927780e+00 4.54171161e+00 4.42282068e+00 3.96925754e+02
 4.73979372e+01 1.03581170e+02 4.18239814e+00 1.46731413e+09
 8.44938501e-01 6.92677718e-01 8.65762377e+02 5.75454720e-01
 4.41904281e-01 1.69820581e+09 2.13647963e+09 3.37874988e+01
 2.47732902e-01 6.31086542e+02 7.50172413e-01 3.06232105e+01
 1.22771775e+00 2.51703248e+02 5.84784066e-01 3.39581273e+00]
predict_target = [0.]
target = -250.481
bounds = 
[[3.20000000e+01 6.40000000e+01]
 [0.00000000e+00 1.00000000e+00]
 [0.00000000e+00 1.00000000e+00]
 [2.00000000e+02 5.00000000e+02]
 [1.00000000e+00 4.00000000e+00]
 [4.00000000e+00 8.00000000e+00]
 [3.00000000e+00 7.00000000e+00]
 [3.84000000e+02 8.77000000e+02]
 [3.20000000e+01 1.28000000e+02]
 [3.20000000e+01 1.28000000e+02]
 [4.00000000e+00 1.00000000e+01]
 [1.07374157e+09 2.14748314e+09]
 [5.00000000e-01 9.00000000e-01]
 [0.00000000e+00 1.00000000e+00]
 [5.12000000e+02 1.02400000e+03]
 [5.00000000e-01 9.00000000e-01]
 [0.00000000e+00 1.00000000e+00]
 [1.07374182e+09 2.14748365e+09]
 [1.07374182e+09 2.14748365e+09]
 [2.40000000e+01 7.20000000e+01]
 [0.00000000e+00 1.00000000e+00]
 [5.00000000e+02 1.00000000e+03]
 [0.00000000e+00 1.00000000e+00]
 [1.60000000e+01 4.80000000e+01]
 [1.00000000e+00 5.00000000e+00]
 [1.50000000e+02 3.50000000e+02]
 [5.00000000e-01 9.00000000e-01]
 [1.00000000e+00 4.00000000e+00]]
x = [4.15146042e+01 2.76060120e-02 5.93432449e-01 4.53152129e+02
 2.14304837e+00 6.99943324e+00 5.04456591e+00 6.50689240e+02
 1.24105695e+02 1.09180246e+02 4.19393840e+00 1.83544015e+09
 6.86000593e-01 9.47548941e-01 6.25373560e+02 6.06828808e-01
 8.14739649e-02 1.53396779e+09 1.19079983e+09 5.44217645e+01
 8.02963237e-01 8.48400248e+02 7.66211381e-01 2.69585318e+01
 4.38340593e+00 2.35753755e+02 8.29603948e-01 2.87948848e+00]
predict_target = [0.]
target = -250.617
bounds = 
[[3.20000000e+01 6.40000000e+01]
 [0.00000000e+00 1.00000000e+00]
 [0.00000000e+00 1.00000000e+00]
 [2.00000000e+02 5.00000000e+02]
 [1.00000000e+00 4.00000000e+00]
 [4.00000000e+00 8.00000000e+00]
 [3.00000000e+00 7.00000000e+00]
 [3.84000000e+02 8.77000000e+02]
 [3.20000000e+01 1.28000000e+02]
 [3.20000000e+01 1.28000000e+02]
 [4.00000000e+00 1.00000000e+01]
 [1.07374157e+09 2.14748314e+09]
 [5.00000000e-01 9.00000000e-01]
 [0.00000000e+00 1.00000000e+00]
 [5.12000000e+02 1.02400000e+03]
 [5.00000000e-01 9.00000000e-01]
 [0.00000000e+00 1.00000000e+00]
 [1.07374182e+09 2.14748365e+09]
 [1.07374182e+09 2.14748365e+09]
 [2.40000000e+01 7.20000000e+01]
 [0.00000000e+00 1.00000000e+00]
 [5.00000000e+02 1.00000000e+03]
 [0.00000000e+00 1.00000000e+00]
 [1.60000000e+01 4.80000000e+01]
 [1.00000000e+00 5.00000000e+00]
 [1.50000000e+02 3.50000000e+02]
 [5.00000000e-01 9.00000000e-01]
 [1.00000000e+00 4.00000000e+00]]
================= config17 =================
2022年 01月 27日 星期四 20:51:16 CST
/usr/local/home/python3/python3/lib/python3.8/subprocess.py:848: RuntimeWarning: line buffering (buffering=1) isn't supported in binary mode, the default buffer size will be used
  self.stdout = io.open(c2pread, 'rb', bufsize)
/usr/local/home/python3/python3/lib/python3.8/subprocess.py:853: RuntimeWarning: line buffering (buffering=1) isn't supported in binary mode, the default buffer size will be used
  self.stderr = io.open(errread, 'rb', bufsize)
cmd

end before line
finish
-------------------stop k8s-node02 --------------
kill: 用法:kill [-s 信号声明 | -n 信号编号 | -信号声明] 进程号 | 任务声明 ... 或 kill -l [信号声明]
/usr/local/home/zwr/stop.sh: 第 3 行:kill: (226618) - 没有那个进程
-------------------stop k8s-node03 --------------
kill: 用法:kill [-s 信号声明 | -n 信号编号 | -信号声明] 进程号 | 任务声明 ... 或 kill -l [信号声明]
/usr/local/home/zwr/stop.sh: 第 3 行:kill: (59419) - 没有那个进程
x = [3.65895376e+01 7.83868999e-02 1.83326429e-02 2.20017499e+02
 2.37575144e+00 4.45336769e+00 3.11113340e+00 7.56146710e+02
 6.99056461e+01 1.03706096e+02 6.71442896e+00 1.55701842e+09
 6.91229003e-01 4.74003927e-01 9.23219631e+02 6.60957008e-01
 9.04686160e-01 1.11353582e+09 1.90468307e+09 3.00307863e+01
 6.18513567e-01 5.05182131e+02 5.38627283e-01 1.60965746e+01
 4.80477514e+00 3.31080407e+02 8.18386777e-01 3.74582296e+00]
predict_target = [0.]
target = -334.71
bounds = 
[[3.20000000e+01 6.40000000e+01]
 [0.00000000e+00 1.00000000e+00]
 [0.00000000e+00 1.00000000e+00]
 [2.00000000e+02 5.00000000e+02]
 [1.00000000e+00 4.00000000e+00]
 [4.00000000e+00 8.00000000e+00]
 [3.00000000e+00 7.00000000e+00]
 [3.84000000e+02 8.77000000e+02]
 [3.20000000e+01 1.28000000e+02]
 [3.20000000e+01 1.28000000e+02]
 [4.00000000e+00 1.00000000e+01]
 [1.07374157e+09 2.14748314e+09]
 [5.00000000e-01 9.00000000e-01]
 [0.00000000e+00 1.00000000e+00]
 [5.12000000e+02 1.02400000e+03]
 [5.00000000e-01 9.00000000e-01]
 [0.00000000e+00 1.00000000e+00]
 [1.07374182e+09 2.14748365e+09]
 [1.07374182e+09 2.14748365e+09]
 [2.40000000e+01 7.20000000e+01]
 [0.00000000e+00 1.00000000e+00]
 [5.00000000e+02 1.00000000e+03]
 [0.00000000e+00 1.00000000e+00]
 [1.60000000e+01 4.80000000e+01]
 [1.00000000e+00 5.00000000e+00]
 [1.50000000e+02 3.50000000e+02]
 [5.00000000e-01 9.00000000e-01]
 [1.00000000e+00 4.00000000e+00]]
x = [3.66578634e+01 1.57730070e-01 1.87631673e-01 3.86748771e+02
 3.71742849e+00 7.95982071e+00 5.84448984e+00 7.44777602e+02
 1.19292148e+02 7.04838783e+01 5.49910408e+00 1.25996075e+09
 5.47782820e-01 8.12610588e-01 5.87157695e+02 6.05718993e-01
 8.19089179e-01 1.40723235e+09 2.12860453e+09 3.67986577e+01
 5.33653345e-01 6.57233506e+02 9.10772831e-01 2.77298126e+01
 2.73436931e+00 2.52458538e+02 8.75554591e-01 1.09284702e+00]
predict_target = [0.]
target = -155.455
4612s
{'target': -155.455, 'params': {'spark.broadcast.blockSize': 36.65786339706871, 'spark.broadcast.checksum': 0.15773006987053328, 'spark.broadcast.compress': 0.187631672902434, 'spark.default.parallelism': 386.74877068997637, 'spark.executor.cores': 3.7174284880249058, 'spark.executor.instances': 7.959820713436295, 'spark.executor.memory': 5.844489835063264, 'spark.executor.memoryOverhead': 744.7776017071516, 'spark.kryoserializer.buffer': 119.29214763624843, 'spark.kryoserializer.buffer.max': 70.4838783076276, 'spark.locality.wait': 5.499104081350221, 'spark.maxRemoteBlockSizeFetchToMem': 1259960750.519473, 'spark.memory.fraction': 0.5477828201334916, 'spark.memory.offHeap.enabled': 0.8126105880328287, 'spark.memory.offHeap.size': 587.1576951896285, 'spark.memory.storageFraction': 0.6057189930907603, 'spark.rdd.compress': 0.8190891786335308, 'spark.reducer.maxBlocksInFlightPerAddress': 1407232345.2526622, 'spark.reducer.maxReqsInFlight': 2128604526.9332318, 'spark.reducer.maxSizeInFlight': 36.798657703278494, 'spark.scheduler.mode': 0.5336533449712114, 'spark.scheduler.revive.interval': 657.2335055929248, 'spark.shuffle.compress': 0.9107728311738374, 'spark.shuffle.file.buffer': 27.729812603239502, 'spark.shuffle.io.numConnectionsPerPeer': 2.734369309092658, 'spark.shuffle.sort.bypassMergeThreshold': 252.45853845567228, 'spark.storage.memoryFraction': 0.8755545909478853, 'spark.storage.memoryMapThreshold': 1.092847018813452}}
=============== finish wordcount-100G ===============
2022年 01月 27日 星期四 20:54:00 CST
=============== finish wordcount-100G ===============
