nohup: 忽略输入
/usr/local/home/yyq/bo/rs_bo/rs_bo_newEI
=============== start wordcount-100G ===============
2022年 02月 10日 星期四 19:40:14 CST
=============== start wordcount-100G ===============
mv: 无法获取"/usr/local/home/yyq/bo/rs_bo/rs_bo_newEI/config/wordcount-100G" 的文件状态(stat): 没有那个文件或目录
mv: 无法获取"/usr/local/home/yyq/bo/rs_bo/rs_bo_newEI/logs.json" 的文件状态(stat): 没有那个文件或目录
mv: 无法获取"/usr/local/home/yyq/bo/rs_bo/rs_bo_newEI/generationConf.csv" 的文件状态(stat): 没有那个文件或目录
mv: 无法获取"/usr/local/home/yyq/bo/rs_bo/rs_bo_newEI/target.png" 的文件状态(stat): 没有那个文件或目录
================= config1 =================
2022年 02月 10日 星期四 19:40:15 CST
/usr/local/home/python3/python3/lib/python3.8/subprocess.py:848: RuntimeWarning: line buffering (buffering=1) isn't supported in binary mode, the default buffer size will be used
  self.stdout = io.open(c2pread, 'rb', bufsize)
/usr/local/home/python3/python3/lib/python3.8/subprocess.py:853: RuntimeWarning: line buffering (buffering=1) isn't supported in binary mode, the default buffer size will be used
  self.stderr = io.open(errread, 'rb', bufsize)
cmd

end before line
finish
-------------------stop k8s-node02 --------------
kill: 用法:kill [-s 信号声明 | -n 信号编号 | -信号声明] 进程号 | 任务声明 ... 或 kill -l [信号声明]
/usr/local/home/zwr/stop.sh: 第 3 行:kill: (55128) - 没有那个进程
-------------------stop k8s-node03 --------------
kill: 用法:kill [-s 信号声明 | -n 信号编号 | -信号声明] 进程号 | 任务声明 ... 或 kill -l [信号声明]
/usr/local/home/zwr/stop.sh: 第 3 行:kill: (156705) - 没有那个进程
================= config2 =================
2022年 02月 10日 星期四 19:42:39 CST
/usr/local/home/python3/python3/lib/python3.8/subprocess.py:848: RuntimeWarning: line buffering (buffering=1) isn't supported in binary mode, the default buffer size will be used
  self.stdout = io.open(c2pread, 'rb', bufsize)
/usr/local/home/python3/python3/lib/python3.8/subprocess.py:853: RuntimeWarning: line buffering (buffering=1) isn't supported in binary mode, the default buffer size will be used
  self.stderr = io.open(errread, 'rb', bufsize)
cmd

end before line
finish
-------------------stop k8s-node02 --------------
kill: 用法:kill [-s 信号声明 | -n 信号编号 | -信号声明] 进程号 | 任务声明 ... 或 kill -l [信号声明]
/usr/local/home/zwr/stop.sh: 第 3 行:kill: (57176) - 没有那个进程
-------------------stop k8s-node03 --------------
kill: 用法:kill [-s 信号声明 | -n 信号编号 | -信号声明] 进程号 | 任务声明 ... 或 kill -l [信号声明]
/usr/local/home/zwr/stop.sh: 第 3 行:kill: (158303) - 没有那个进程
benchmark=wordcount-100G, niters = 44, ninit = 6
                         vital_params
0           spark.broadcast.blockSize
1            spark.broadcast.checksum
2            spark.broadcast.compress
3   spark.cleaner.periodicGC.interval
4     spark.cleaner.referenceTracking
..                                ...
73          spark.streaming.unpersist
74             spark.task.maxFailures
75          spark.task.reaper.enabled
76  spark.task.reaper.pollingInterval
77       spark.task.reaper.threadDump

[78 rows x 1 columns]
迭代结束条件，当执行时间低于Tmax时，停止搜索，此时对应优化倍数为9倍。Tmax = 122.22222222222223
bounds = 
[[1.00000000e+00 5.00000000e+02]
 [0.00000000e+00 1.00000000e+00]
 [0.00000000e+00 1.00000000e+00]
 [1.00000000e+01 9.00000000e+01]
 [0.00000000e+00 1.00000000e+00]
 [0.00000000e+00 1.00000000e+00]
 [0.00000000e+00 1.00000000e+00]
 [0.00000000e+00 1.00000000e+00]
 [8.00000000e+00 5.00000000e+02]
 [1.00000000e+00 5.00000000e+02]
 [3.84000000e+02 2.04800000e+03]
 [1.00000000e+00 1.00000000e+01]
 [5.00000000e+00 2.00000000e+01]
 [2.00000000e+00 1.40000000e+01]
 [1.00000000e+00 1.60000000e+01]
 [2.00000000e+01 9.00000000e+01]
 [3.35544320e+07 2.68435456e+08]
 [2.09715200e+06 8.38860800e+06]
 [0.00000000e+00 1.00000000e+00]
 [0.00000000e+00 1.00000000e+00]
 [1.00000000e+00 2.00000000e+00]
 [2.00000000e+00 2.56000000e+02]
 [2.00000000e+00 2.56000000e+02]
 [0.00000000e+00 1.00000000e+00]
 [2.00000000e+00 1.28000000e+02]
 [8.00000000e+00 1.28000000e+02]
 [1.00000000e+00 1.00000000e+01]
 [2.00000000e+02 2.14748314e+09]
 [5.00000000e-01 1.00000000e+00]
 [0.00000000e+00 1.00000000e+00]
 [1.00000000e+01 1.00000000e+03]
 [5.00000000e-01 1.00000000e+00]
 [0.00000000e+00 1.00000000e+00]
 [4.00000000e+00 3.20000000e+01]
 [1.28000000e+02 1.00000000e+03]
 [0.00000000e+00 1.00000000e+00]
 [0.00000000e+00 1.00000000e+00]
 [1.00000000e+01 2.14748365e+09]
 [1.00000000e+01 2.14748365e+09]
 [1.00000000e+00 5.00000000e+02]
 [3.20000000e+01 1.28000000e+02]
 [3.00000000e+01 2.40000000e+02]
 [1.00000000e+00 5.00000000e+02]
 [1.00000000e+00 6.00000000e+00]
 [3.00000000e+01 2.40000000e+02]
 [2.00000000e+03 2.00000000e+04]
 [7.00000000e-01 9.00000000e-01]
 [0.00000000e+00 1.00000000e+00]
 [2.00000000e+00 5.00000000e+01]
 [5.00000000e+01 3.00000000e+02]
 [0.00000000e+00 1.00000000e+00]
 [1.00000000e+00 5.00000000e+02]
 [8.00000000e+00 1.28000000e+02]
 [2.00000000e+00 1.00000000e+01]
 [1.00000000e+00 5.00000000e+00]
 [0.00000000e+00 1.00000000e+00]
 [1.00000000e+02 9.22337204e+18]
 [0.00000000e+00 1.00000000e+00]
 [5.00000000e+01 2.00000000e+02]
 [1.00000000e+02 1.00000000e+03]
 [0.00000000e+00 1.00000000e+00]
 [1.00000000e+01 1.00000000e+03]
 [1.00000000e+00 6.00000000e+00]
 [0.00000000e+00 1.00000000e+00]
 [2.00000000e+00 8.00000000e+00]
 [0.00000000e+00 1.00000000e+00]
 [5.00000000e+01 5.00000000e+02]
 [0.00000000e+00 1.00000000e+00]
 [0.00000000e+00 1.00000000e+00]
 [0.00000000e+00 1.00000000e+00]
 [5.00000000e+01 5.00000000e+02]
 [0.00000000e+00 1.00000000e+00]
 [0.00000000e+00 1.00000000e+00]
 [0.00000000e+00 1.00000000e+00]
 [2.00000000e+00 8.00000000e+00]
 [0.00000000e+00 1.00000000e+00]
 [3.00000000e+00 2.00000000e+01]
 [0.00000000e+00 1.00000000e+00]]
x = [2.09093980e+02 7.20324493e-01 1.14374817e-04 3.41866058e+01
 1.46755891e-01 9.23385948e-02 1.86260211e-01 3.45560727e-01
 2.03209597e+02 2.69869550e+02 1.08153967e+03 7.16697550e+00
 8.06678375e+00 1.25374092e+01 1.41081390e+00 6.69327257e+01
 1.31571411e+08 5.61212447e+06 1.40386939e-01 1.98101489e-01
 1.80074457e+00 2.47938440e+02 8.16097413e+01 6.92322616e-01
 1.12425033e+02 1.15352800e+02 1.76539790e+00 8.38696805e+07
 5.84915210e-01 8.78142503e-01 1.07363365e+02 7.10553813e-01
 9.57889530e-01 1.89286280e+01 7.31316843e+02 3.15515631e-01
 6.86500928e-01 1.79234498e+09 3.92737863e+07 3.75322013e+02
 1.26930665e+02 1.87114787e+02 1.40941552e+02 4.94639664e+00
 5.16774614e+01 1.00620835e+04 8.81719101e-01 2.93614148e-01
 1.58132163e+01 8.25071430e+01 1.93669579e-02 3.39738931e+02
 3.33953739e+01 4.12437327e+00 2.96629264e+00 5.33625451e-02
 5.29530027e+18 1.46728575e-01 1.38395831e+02 7.29782524e+02
 1.02334429e-01 4.19915428e+02 4.47200079e+00 4.14179270e-01
 2.29972075e+00 5.35896406e-01 3.48707590e+02 5.14889112e-01
 9.44594756e-01 5.86555041e-01 4.56530862e+02 1.37474704e-01
 1.39276347e-01 8.07391289e-01 4.38606102e+00 1.65354197e-01
 1.87676459e+01 3.47765860e-01]
interations = 0
real target = -134.861
bounds = 
[[1.00000000e+00 5.00000000e+02]
 [0.00000000e+00 1.00000000e+00]
 [0.00000000e+00 1.00000000e+00]
 [1.00000000e+01 9.00000000e+01]
 [0.00000000e+00 1.00000000e+00]
 [0.00000000e+00 1.00000000e+00]
 [0.00000000e+00 1.00000000e+00]
 [0.00000000e+00 1.00000000e+00]
 [8.00000000e+00 5.00000000e+02]
 [1.00000000e+00 5.00000000e+02]
 [3.84000000e+02 2.04800000e+03]
 [1.00000000e+00 1.00000000e+01]
 [5.00000000e+00 2.00000000e+01]
 [2.00000000e+00 1.40000000e+01]
 [1.00000000e+00 1.60000000e+01]
 [2.00000000e+01 9.00000000e+01]
 [3.35544320e+07 2.68435456e+08]
 [2.09715200e+06 8.38860800e+06]
 [0.00000000e+00 1.00000000e+00]
 [0.00000000e+00 1.00000000e+00]
 [1.00000000e+00 2.00000000e+00]
 [2.00000000e+00 2.56000000e+02]
 [2.00000000e+00 2.56000000e+02]
 [0.00000000e+00 1.00000000e+00]
 [2.00000000e+00 1.28000000e+02]
 [8.00000000e+00 1.28000000e+02]
 [1.00000000e+00 1.00000000e+01]
 [2.00000000e+02 2.14748314e+09]
 [5.00000000e-01 1.00000000e+00]
 [0.00000000e+00 1.00000000e+00]
 [1.00000000e+01 1.00000000e+03]
 [5.00000000e-01 1.00000000e+00]
 [0.00000000e+00 1.00000000e+00]
 [4.00000000e+00 3.20000000e+01]
 [1.28000000e+02 1.00000000e+03]
 [0.00000000e+00 1.00000000e+00]
 [0.00000000e+00 1.00000000e+00]
 [1.00000000e+01 2.14748365e+09]
 [1.00000000e+01 2.14748365e+09]
 [1.00000000e+00 5.00000000e+02]
 [3.20000000e+01 1.28000000e+02]
 [3.00000000e+01 2.40000000e+02]
 [1.00000000e+00 5.00000000e+02]
 [1.00000000e+00 6.00000000e+00]
 [3.00000000e+01 2.40000000e+02]
 [2.00000000e+03 2.00000000e+04]
 [7.00000000e-01 9.00000000e-01]
 [0.00000000e+00 1.00000000e+00]
 [2.00000000e+00 5.00000000e+01]
 [5.00000000e+01 3.00000000e+02]
 [0.00000000e+00 1.00000000e+00]
 [1.00000000e+00 5.00000000e+02]
 [8.00000000e+00 1.28000000e+02]
 [2.00000000e+00 1.00000000e+01]
 [1.00000000e+00 5.00000000e+00]
 [0.00000000e+00 1.00000000e+00]
 [1.00000000e+02 9.22337204e+18]
 [0.00000000e+00 1.00000000e+00]
 [5.00000000e+01 2.00000000e+02]
 [1.00000000e+02 1.00000000e+03]
 [0.00000000e+00 1.00000000e+00]
 [1.00000000e+01 1.00000000e+03]
 [1.00000000e+00 6.00000000e+00]
 [0.00000000e+00 1.00000000e+00]
 [2.00000000e+00 8.00000000e+00]
 [0.00000000e+00 1.00000000e+00]
 [5.00000000e+01 5.00000000e+02]
 [0.00000000e+00 1.00000000e+00]
 [0.00000000e+00 1.00000000e+00]
 [0.00000000e+00 1.00000000e+00]
 [5.00000000e+01 5.00000000e+02]
 [0.00000000e+00 1.00000000e+00]
 [0.00000000e+00 1.00000000e+00]
 [0.00000000e+00 1.00000000e+00]
 [2.00000000e+00 8.00000000e+00]
 [0.00000000e+00 1.00000000e+00]
 [3.00000000e+00 2.00000000e+01]
 [0.00000000e+00 1.00000000e+00]]
================= config3 =================
2022年 02月 10日 星期四 19:45:10 CST
/usr/local/home/python3/python3/lib/python3.8/subprocess.py:848: RuntimeWarning: line buffering (buffering=1) isn't supported in binary mode, the default buffer size will be used
  self.stdout = io.open(c2pread, 'rb', bufsize)
/usr/local/home/python3/python3/lib/python3.8/subprocess.py:853: RuntimeWarning: line buffering (buffering=1) isn't supported in binary mode, the default buffer size will be used
  self.stderr = io.open(errread, 'rb', bufsize)
cmd

end before line
finish
-------------------stop k8s-node02 --------------
kill: 用法:kill [-s 信号声明 | -n 信号编号 | -信号声明] 进程号 | 任务声明 ... 或 kill -l [信号声明]
/usr/local/home/zwr/stop.sh: 第 3 行:kill: (58757) - 没有那个进程
-------------------stop k8s-node03 --------------
kill: 用法:kill [-s 信号声明 | -n 信号编号 | -信号声明] 进程号 | 任务声明 ... 或 kill -l [信号声明]
/usr/local/home/zwr/stop.sh: 第 3 行:kill: (159646) - 没有那个进程
================= config4 =================
2022年 02月 10日 星期四 19:47:27 CST
/usr/local/home/python3/python3/lib/python3.8/subprocess.py:848: RuntimeWarning: line buffering (buffering=1) isn't supported in binary mode, the default buffer size will be used
  self.stdout = io.open(c2pread, 'rb', bufsize)
/usr/local/home/python3/python3/lib/python3.8/subprocess.py:853: RuntimeWarning: line buffering (buffering=1) isn't supported in binary mode, the default buffer size will be used
  self.stderr = io.open(errread, 'rb', bufsize)
cmd

end before line
finish
-------------------stop k8s-node02 --------------
kill: 用法:kill [-s 信号声明 | -n 信号编号 | -信号声明] 进程号 | 任务声明 ... 或 kill -l [信号声明]
/usr/local/home/zwr/stop.sh: 第 3 行:kill: (60121) - 没有那个进程
-------------------stop k8s-node03 --------------
kill: 用法:kill [-s 信号声明 | -n 信号编号 | -信号声明] 进程号 | 任务声明 ... 或 kill -l [信号声明]
/usr/local/home/zwr/stop.sh: 第 3 行:kill: (160834) - 没有那个进程
x = [3.75655239e+02 7.25997985e-01 8.83306091e-01 5.98937766e+01
 7.50942434e-01 3.48898342e-01 2.69927892e-01 8.95886218e-01
 2.18620865e+02 4.82455184e+02 1.48796665e+03 6.59526148e+00
 6.72118959e+00 1.33938711e+01 7.74868200e+00 6.04872730e+01
 1.29418022e+08 3.58839682e+06 9.03379521e-01 5.73679487e-01
 1.00287033e+00 1.58754808e+02 8.49678051e+01 5.27058102e-01
 1.13628705e+02 5.08723712e+01 9.17681636e+00 1.33865541e+09
 5.07910621e-01 9.29437234e-01 6.93987948e+02 9.98661425e-01
 1.72340508e-01 7.83980099e+00 9.41223244e+02 6.96818161e-01
 6.60001727e-02 1.62234455e+09 1.61893679e+09 4.61589243e+02
 1.00306377e+02 5.60969020e+01 1.09201868e+01 1.13105493e+00
 3.59443625e+01 6.43179922e+03 8.72005590e-01 5.38831064e-01
 2.85354550e+01 2.60507723e+02 1.24173315e-01 1.40312656e+02
 7.82911126e+01 9.75676599e+00 3.24412088e+00 1.86472894e-02
 7.38453300e+18 2.32974274e-01 1.71065779e+02 4.49074580e+02
 8.63541855e-01 7.49650426e+02 3.78120117e+00 1.36455226e-01
 2.35950614e+00 1.21343456e-01 7.00483453e+01 1.07494129e-01
 2.25709339e-01 7.12988980e-01 3.01872642e+02 1.25559802e-02
 7.19742797e-02 9.67276330e-01 5.40860277e+00 2.03293235e-01
 7.28953766e+00 7.43825854e-01]
interations = 0
real target = -142.606
bounds = 
[[1.00000000e+00 5.00000000e+02]
 [0.00000000e+00 1.00000000e+00]
 [0.00000000e+00 1.00000000e+00]
 [1.00000000e+01 9.00000000e+01]
 [0.00000000e+00 1.00000000e+00]
 [0.00000000e+00 1.00000000e+00]
 [0.00000000e+00 1.00000000e+00]
 [0.00000000e+00 1.00000000e+00]
 [8.00000000e+00 5.00000000e+02]
 [1.00000000e+00 5.00000000e+02]
 [3.84000000e+02 2.04800000e+03]
 [1.00000000e+00 1.00000000e+01]
 [5.00000000e+00 2.00000000e+01]
 [2.00000000e+00 1.40000000e+01]
 [1.00000000e+00 1.60000000e+01]
 [2.00000000e+01 9.00000000e+01]
 [3.35544320e+07 2.68435456e+08]
 [2.09715200e+06 8.38860800e+06]
 [0.00000000e+00 1.00000000e+00]
 [0.00000000e+00 1.00000000e+00]
 [1.00000000e+00 2.00000000e+00]
 [2.00000000e+00 2.56000000e+02]
 [2.00000000e+00 2.56000000e+02]
 [0.00000000e+00 1.00000000e+00]
 [2.00000000e+00 1.28000000e+02]
 [8.00000000e+00 1.28000000e+02]
 [1.00000000e+00 1.00000000e+01]
 [2.00000000e+02 2.14748314e+09]
 [5.00000000e-01 1.00000000e+00]
 [0.00000000e+00 1.00000000e+00]
 [1.00000000e+01 1.00000000e+03]
 [5.00000000e-01 1.00000000e+00]
 [0.00000000e+00 1.00000000e+00]
 [4.00000000e+00 3.20000000e+01]
 [1.28000000e+02 1.00000000e+03]
 [0.00000000e+00 1.00000000e+00]
 [0.00000000e+00 1.00000000e+00]
 [1.00000000e+01 2.14748365e+09]
 [1.00000000e+01 2.14748365e+09]
 [1.00000000e+00 5.00000000e+02]
 [3.20000000e+01 1.28000000e+02]
 [3.00000000e+01 2.40000000e+02]
 [1.00000000e+00 5.00000000e+02]
 [1.00000000e+00 6.00000000e+00]
 [3.00000000e+01 2.40000000e+02]
 [2.00000000e+03 2.00000000e+04]
 [7.00000000e-01 9.00000000e-01]
 [0.00000000e+00 1.00000000e+00]
 [2.00000000e+00 5.00000000e+01]
 [5.00000000e+01 3.00000000e+02]
 [0.00000000e+00 1.00000000e+00]
 [1.00000000e+00 5.00000000e+02]
 [8.00000000e+00 1.28000000e+02]
 [2.00000000e+00 1.00000000e+01]
 [1.00000000e+00 5.00000000e+00]
 [0.00000000e+00 1.00000000e+00]
 [1.00000000e+02 9.22337204e+18]
 [0.00000000e+00 1.00000000e+00]
 [5.00000000e+01 2.00000000e+02]
 [1.00000000e+02 1.00000000e+03]
 [0.00000000e+00 1.00000000e+00]
 [1.00000000e+01 1.00000000e+03]
 [1.00000000e+00 6.00000000e+00]
 [0.00000000e+00 1.00000000e+00]
 [2.00000000e+00 8.00000000e+00]
 [0.00000000e+00 1.00000000e+00]
 [5.00000000e+01 5.00000000e+02]
 [0.00000000e+00 1.00000000e+00]
 [0.00000000e+00 1.00000000e+00]
 [0.00000000e+00 1.00000000e+00]
 [5.00000000e+01 5.00000000e+02]
 [0.00000000e+00 1.00000000e+00]
 [0.00000000e+00 1.00000000e+00]
 [0.00000000e+00 1.00000000e+00]
 [2.00000000e+00 8.00000000e+00]
 [0.00000000e+00 1.00000000e+00]
 [3.00000000e+00 2.00000000e+01]
 [0.00000000e+00 1.00000000e+00]]
x = [9.85193111e+01 5.81358927e-01 9.70019989e-01 7.77463041e+01
 2.39847759e-01 4.93769714e-01 6.19955718e-01 8.28980900e-01
 8.51413662e+01 1.02695249e+01 5.00516847e+02 5.37710600e+00
 1.40949419e+01 8.82621725e+00 5.76043614e+00 8.92031308e+01
 1.69725583e+08 4.48879346e+06 5.50948219e-01 7.45334431e-01
 1.66923289e+00 6.92895676e+01 1.88490479e+01 3.70084198e-01
 8.13444059e+01 3.32208812e+01 7.77479998e+00 1.42886158e+08
 6.30157549e-01 8.04754564e-01 2.01499940e+02 8.19730440e-01
 5.24670309e-01 2.98946232e+01 3.57594784e+02 6.59610907e-02
 7.35065963e-01 1.65823969e+09 1.94951970e+09 4.66054063e+02
 3.33393510e+01 7.92160381e+01 3.08772400e+02 5.74508160e+00
 2.29536985e+02 1.20197574e+04 8.83121270e-01 6.41566209e-01
 2.07203703e+01 1.71497667e+02 6.04310483e-01 2.75224413e+02
 1.19141771e+02 9.34986749e+00 2.57950245e+00 9.63262528e-01
 1.60445783e+18 1.26329519e-01 7.02618737e+01 5.55095949e+02
 2.15248053e-02 9.48490509e+02 5.13557736e+00 1.50189807e-02
 3.05717753e+00 3.32063574e-01 1.08948580e+02 8.09490692e-01
 3.44736653e-01 9.40107482e-01 3.11906381e+02 8.78831984e-01
 8.44734445e-01 9.05392319e-01 4.75928159e+00 5.46346816e-01
 1.65762610e+01 2.85718852e-01]
interations = 0
real target = -128.665
bounds = 
[[1.00000000e+00 5.00000000e+02]
 [0.00000000e+00 1.00000000e+00]
 [0.00000000e+00 1.00000000e+00]
 [1.00000000e+01 9.00000000e+01]
 [0.00000000e+00 1.00000000e+00]
 [0.00000000e+00 1.00000000e+00]
 [0.00000000e+00 1.00000000e+00]
 [0.00000000e+00 1.00000000e+00]
 [8.00000000e+00 5.00000000e+02]
 [1.00000000e+00 5.00000000e+02]
 [3.84000000e+02 2.04800000e+03]
 [1.00000000e+00 1.00000000e+01]
 [5.00000000e+00 2.00000000e+01]
 [2.00000000e+00 1.40000000e+01]
 [1.00000000e+00 1.60000000e+01]
 [2.00000000e+01 9.00000000e+01]
 [3.35544320e+07 2.68435456e+08]
 [2.09715200e+06 8.38860800e+06]
 [0.00000000e+00 1.00000000e+00]
 [0.00000000e+00 1.00000000e+00]
 [1.00000000e+00 2.00000000e+00]
 [2.00000000e+00 2.56000000e+02]
 [2.00000000e+00 2.56000000e+02]
 [0.00000000e+00 1.00000000e+00]
 [2.00000000e+00 1.28000000e+02]
 [8.00000000e+00 1.28000000e+02]
 [1.00000000e+00 1.00000000e+01]
 [2.00000000e+02 2.14748314e+09]
 [5.00000000e-01 1.00000000e+00]
 [0.00000000e+00 1.00000000e+00]
 [1.00000000e+01 1.00000000e+03]
 [5.00000000e-01 1.00000000e+00]
 [0.00000000e+00 1.00000000e+00]
 [4.00000000e+00 3.20000000e+01]
 [1.28000000e+02 1.00000000e+03]
 [0.00000000e+00 1.00000000e+00]
 [0.00000000e+00 1.00000000e+00]
 [1.00000000e+01 2.14748365e+09]
 [1.00000000e+01 2.14748365e+09]
 [1.00000000e+00 5.00000000e+02]
 [3.20000000e+01 1.28000000e+02]
 [3.00000000e+01 2.40000000e+02]
 [1.00000000e+00 5.00000000e+02]
 [1.00000000e+00 6.00000000e+00]
 [3.00000000e+01 2.40000000e+02]
 [2.00000000e+03 2.00000000e+04]
 [7.00000000e-01 9.00000000e-01]
 [0.00000000e+00 1.00000000e+00]
 [2.00000000e+00 5.00000000e+01]
 [5.00000000e+01 3.00000000e+02]
 [0.00000000e+00 1.00000000e+00]
 [1.00000000e+00 5.00000000e+02]
 [8.00000000e+00 1.28000000e+02]
 [2.00000000e+00 1.00000000e+01]
 [1.00000000e+00 5.00000000e+00]
 [0.00000000e+00 1.00000000e+00]
 [1.00000000e+02 9.22337204e+18]
 [0.00000000e+00 1.00000000e+00]
 [5.00000000e+01 2.00000000e+02]
 [1.00000000e+02 1.00000000e+03]
 [0.00000000e+00 1.00000000e+00]
 [1.00000000e+01 1.00000000e+03]
 [1.00000000e+00 6.00000000e+00]
 [0.00000000e+00 1.00000000e+00]
 [2.00000000e+00 8.00000000e+00]
 [0.00000000e+00 1.00000000e+00]
 [5.00000000e+01 5.00000000e+02]
 [0.00000000e+00 1.00000000e+00]
 [0.00000000e+00 1.00000000e+00]
 [0.00000000e+00 1.00000000e+00]
 [5.00000000e+01 5.00000000e+02]
 [0.00000000e+00 1.00000000e+00]
 [0.00000000e+00 1.00000000e+00]
 [0.00000000e+00 1.00000000e+00]
 [2.00000000e+00 8.00000000e+00]
 [0.00000000e+00 1.00000000e+00]
 [3.00000000e+00 2.00000000e+01]
 [0.00000000e+00 1.00000000e+00]]
x = [2.45636508e+02 5.99110308e-01 1.55332756e-02 5.74785127e+01
 4.33676349e-01 8.07360529e-01 3.15244803e-01 8.92888709e-01
 2.92305750e+02 9.28210906e+01 1.69511425e+03 6.50828059e+00
 5.80863908e+00 7.04232416e+00 1.11860325e+01 8.43021245e+01
 3.36488600e+07 8.24238921e+06 3.76580315e-01 9.73783538e-01
 1.60471610e+00 2.12526835e+02 1.47976722e+02 6.28076198e-01
 3.79826115e+01 7.84200009e+01 7.75019587e+00 1.84321452e+09
 8.77541094e-01 6.98057248e-01 8.65834636e+02 6.61340498e-01
 6.70788791e-01 1.66244702e+01 4.61193600e+02 4.10811350e-01
 4.01479583e-01 6.81576841e+08 1.33556168e+09 2.15693388e+02
 1.25484999e+02 1.72338187e+02 1.00086374e+02 3.13350505e+00
 1.02102710e+02 1.63574985e+04 8.75999658e-01 9.03841956e-01
 3.38105510e+01 1.17552066e+02 2.52366702e-01 4.27594073e+02
 7.13257576e+01 8.41728867e+00 3.28995407e+00 7.33142525e-01
 4.78703733e+18 7.70883911e-01 1.35328699e+02 5.19138891e+02
 3.42688908e-01 7.75272549e+01 2.88962090e+00 7.96260777e-02
 7.89690268e+00 1.81612851e-01 4.15336414e+02 8.74961645e-01
 6.88413252e-01 5.69494413e-01 1.22437147e+02 4.66880023e-01
 3.45172051e-01 2.25039958e-01 5.55507121e+00 3.12269838e-01
 1.85771944e+01 9.09635525e-01]
interations = 0
real target = -120.572
561s
{'maxIndex': 4, 'target': -120.572, 'params': {'spark.broadcast.blockSize': 245.63650778734393, 'spark.broadcast.checksum': 0.5991103076458784, 'spark.broadcast.compress': 0.015533275550835723, 'spark.cleaner.periodicGC.interval': 57.478512655730974, 'spark.cleaner.referenceTracking': 0.4336763489894583, 'spark.cleaner.referenceTracking.blocking': 0.8073605288848414, 'spark.cleaner.referenceTracking.blocking.shuffle': 0.31524480309537295, 'spark.cleaner.referenceTracking.cleanCheckpoints': 0.8928887085251513, 'spark.default.parallelism': 292.30574991999146, 'spark.driver.maxResultSize': 92.82109061210507, 'spark.driver.memoryOverhead': 1695.1142450856391, 'spark.executor.cores': 6.508280593404406, 'spark.executor.heartbeatInterval': 5.8086390811062945, 'spark.executor.instances': 7.042324160013587, 'spark.executor.memory': 11.186032548481444, 'spark.files.fetchTimeout': 84.3021244584268, 'spark.files.maxPartitionBytes': 33648860.01815552, 'spark.files.openCostInBytes': 8242389.208726354, 'spark.files.overwrite': 0.37658031474577447, 'spark.files.useFetchCache': 0.9737835383583225, 'spark.hadoop.mapreduce.fileoutputcommitter.algorithm.version': 1.604716100974053, 'spark.io.compression.lz4.blockSize': 212.526835227096, 'spark.io.compression.snappy.blockSize': 147.97672219585797, 'spark.kryo.referenceTracking': 0.6280761983073504, 'spark.kryoserializer.buffer': 37.98261149365744, 'spark.kryoserializer.buffer.max': 78.42000087872995, 'spark.locality.wait': 7.750195873323939, 'spark.maxRemoteBlockSizeFetchToMem': 1843214516.6057498, 'spark.memory.fraction': 0.8775410942338401, 'spark.memory.offHeap.enabled': 0.698057248447303, 'spark.memory.offHeap.size': 865.8346357540538, 'spark.memory.storageFraction': 0.6613404984183733, 'spark.memory.useLegacyMode': 0.6707887907875872, 'spark.port.maxRetries': 16.624470219573777, 'spark.python.worker.memory': 461.19359977148304, 'spark.python.worker.reuse': 0.4108113499221856, 'spark.rdd.compress': 0.4014795834695406, 'spark.reducer.maxBlocksInFlightPerAddress': 681576840.5918919, 'spark.reducer.maxReqsInFlight': 1335561676.14223, 'spark.reducer.maxSizeInFlight': 215.6933881398109, 'spark.rpc.io.backLog': 125.48499948101622, 'spark.rpc.lookupTimeout': 172.33818720120533, 'spark.rpc.message.maxSize': 100.08637432512833, 'spark.rpc.retry.wait': 3.133505046740164, 'spark.scheduler.blacklist.unschedulableTaskSetTimeout': 102.10271035262883, 'spark.scheduler.listenerbus.eventqueue.capacity': 16357.4984712542, 'spark.scheduler.minRegisteredResourcesRatio': 0.8759996577126864, 'spark.scheduler.mode': 0.903841955826372, 'spark.scheduler.revive.interval': 33.81055099401259, 'spark.serializer.objectStreamReset': 117.55206550743945, 'spark.shuffle.compress': 0.25236670150458973, 'spark.shuffle.file.buffer': 427.5940734060038, 'spark.shuffle.io.backLog': 71.3257575570496, 'spark.shuffle.io.maxRetries': 8.417288672036785, 'spark.shuffle.io.numConnectionsPerPeer': 3.2899540687664253, 'spark.shuffle.io.preferDirectBufs': 0.7331425252875111, 'spark.shuffle.maxChunksBeingTransferred': 4.787037331554458e+18, 'spark.shuffle.memoryFraction': 0.770883910501888, 'spark.shuffle.service.index.cache.size': 135.32869860570733, 'spark.shuffle.sort.bypassMergeThreshold': 519.1388907327828, 'spark.shuffle.spill.compress': 0.3426889079532818, 'spark.speculation.interval': 77.52725493253708, 'spark.speculation.multiplier': 2.8896208966404995, 'spark.speculation.quantile': 0.07962607769825236, 'spark.stage.maxConsecutiveAttempts': 7.89690268238267, 'spark.storage.memoryFraction': 0.18161285133076377, 'spark.storage.memoryMapThreshold': 415.3364139742429, 'spark.storage.replication.proactive': 0.8749616449558981, 'spark.storage.unrollFraction': 0.6884132523859433, 'spark.streaming.backpressure.enabled': 0.5694944127453757, 'spark.streaming.blockInterval': 122.43714656702394, 'spark.streaming.receiver.writeAheadLog.enable': 0.4668800227633063, 'spark.streaming.stopGracefullyOnShutdown': 0.345172051155215, 'spark.streaming.unpersist': 0.2250399578140846, 'spark.task.maxFailures': 5.555071212594781, 'spark.task.reaper.enabled': 0.31226983770191696, 'spark.task.reaper.pollingInterval': 18.577194408961965, 'spark.task.reaper.threadDump': 0.9096355249515571}}
=============== finish wordcount-100G ===============
2022年 02月 10日 星期四 19:49:37 CST
=============== finish wordcount-100G ===============
